<?xml version="1.0" encoding="utf-8" standalone="no"?>
<test-run id="0" runstate="Runnable" testcasecount="303" result="Passed" total="1" passed="1" failed="0" warnings="0" inconclusive="0" skipped="0" asserts="2" engine-version="3.16.3.0" clr-version="4.0.30319.42000" start-time="2026-07-03 06:28:58Z" end-time="2026-07-03 06:28:59Z" duration="0.918260">
  <command-line><![CDATA[d:\leaveblackgithub\DDNCadAddins\src\packages\NUnit.ConsoleRunner.3.16.3\tools\nunit3-console.exe  d:\leaveblackgithub\DDNCadAddins\src\bin\Debug\DDNCadAddins.Core.Tests.dll --where "method =~ PolyAContainsPolyB_WithCollinearEdge" --output:_debug_out2.txt ]]></command-line>
  <filter>
    <method re="1">PolyAContainsPolyB_WithCollinearEdge</method>
  </filter>
  <test-suite type="Assembly" id="1-1331" name="DDNCadAddins.Core.Tests.dll" fullname="d:\leaveblackgithub\DDNCadAddins\src\bin\Debug\DDNCadAddins.Core.Tests.dll" runstate="Runnable" testcasecount="303" result="Passed" start-time="2026-07-03T06:28:59.3153346Z" end-time="2026-07-03T06:28:59.4359848Z" duration="0.120727" total="1" passed="1" failed="0" warnings="0" inconclusive="0" skipped="0" asserts="2">
    <environment framework-version="3.13.2.0" clr-version="4.0.30319.42000" os-version="Microsoft Windows NT 10.0.26200.0" platform="Win32NT" cwd="d:\leaveblackgithub\DDNCadAddins" machine-name="LENOVO" user="CFDDN" user-domain="LENOVO" culture="zh-CN" uiculture="zh-CN" os-architecture="x64" />
    <settings>
      <setting name="DisposeRunners" value="True" />
      <setting name="WorkDirectory" value="d:\leaveblackgithub\DDNCadAddins" />
      <setting name="ImageRuntimeVersion" value="4.0.30319" />
      <setting name="ImageTargetFrameworkName" value=".NETFramework,Version=v4.7" />
      <setting name="ImageRequiresX86" value="False" />
      <setting name="ImageRequiresDefaultAppDomainAssemblyResolver" value="False" />
      <setting name="TargetRuntimeFramework" value="net-4.7" />
      <setting name="NumberOfTestWorkers" value="16" />
    </settings>
    <properties>
      <property name="_PID" value="58488" />
      <property name="_APPDOMAIN" value="domain-" />
    </properties>
    <test-suite type="TestSuite" id="1-1332" name="DDNCadAddins" fullname="DDNCadAddins" runstate="Runnable" testcasecount="303" result="Passed" start-time="2026-07-03T06:28:59.3298406Z" end-time="2026-07-03T06:28:59.4359848Z" duration="0.106772" total="1" passed="1" failed="0" warnings="0" inconclusive="0" skipped="0" asserts="2">
      <test-suite type="TestSuite" id="1-1333" name="Core" fullname="DDNCadAddins.Core" runstate="Runnable" testcasecount="303" result="Passed" start-time="2026-07-03T06:28:59.3298406Z" end-time="2026-07-03T06:28:59.4359848Z" duration="0.106438" total="1" passed="1" failed="0" warnings="0" inconclusive="0" skipped="0" asserts="2">
        <test-suite type="TestSuite" id="1-1334" name="Tests" fullname="DDNCadAddins.Core.Tests" runstate="Runnable" testcasecount="303" result="Passed" start-time="2026-07-03T06:28:59.3298406Z" end-time="2026-07-03T06:28:59.4359848Z" duration="0.106410" total="1" passed="1" failed="0" warnings="0" inconclusive="0" skipped="0" asserts="2">
          <test-suite type="TestFixture" id="1-1310" name="CurveSubtractServiceTests" fullname="DDNCadAddins.Core.Tests.CurveSubtractServiceTests" classname="DDNCadAddins.Core.Tests.CurveSubtractServiceTests" runstate="Runnable" testcasecount="20" result="Passed" start-time="2026-07-03T06:28:59.3318397Z" end-time="2026-07-03T06:28:59.4359848Z" duration="0.104464" total="1" passed="1" failed="0" warnings="0" inconclusive="0" skipped="0" asserts="2">
            <test-case id="1-1329" name="PolyAContainsPolyB_WithCollinearEdge_ReturnsSingleLoop" fullname="DDNCadAddins.Core.Tests.CurveSubtractServiceTests.PolyAContainsPolyB_WithCollinearEdge_ReturnsSingleLoop" methodname="PolyAContainsPolyB_WithCollinearEdge_ReturnsSingleLoop" classname="DDNCadAddins.Core.Tests.CurveSubtractServiceTests" runstate="Runnable" seed="1623592812" result="Passed" start-time="2026-07-03T06:28:59.3388413Z" end-time="2026-07-03T06:28:59.4319826Z" duration="0.093247" asserts="2">
              <output><![CDATA[Loop count: 1
  Loop[0]: 10 segments
    Seg[0] Source=Subject Start=(31.227442,-4.390386) End=(28.872951,-7.942884)
    Seg[1] Source=Subject Start=(28.872951,-7.942884) End=(31.515747,-13.703691)
    Seg[2] Source=Subject Start=(31.515747,-13.703691) End=(34.903332,-11.159335)
    Seg[3] Source=Subject Start=(34.903332,-11.159335) End=(38.699349,-12.143473)
    Seg[4] Source=Subject Start=(38.699349,-12.143473) End=(40.885663,-6.862732)
    Seg[5] Source=Subject Start=(40.885663,-6.862732) End=(38.660346,-6.293087)
    Seg[6] Source=Clip Start=(38.660346,-6.293087) End=(38.268152,-7.379684)
    Seg[7] Source=Clip Start=(38.268152,-7.379684) End=(36.169005,-6.610639)
    Seg[8] Source=Clip Start=(36.169005,-6.610639) End=(36.143670,-5.648860)
    Seg[9] Source=Subject Start=(36.143670,-5.648860) End=(31.227442,-4.390386)
]]></output>
            </test-case>
          </test-suite>
        </test-suite>
      </test-suite>
    </test-suite>
  </test-suite>
</test-run>