<?xml version="1.0" encoding="utf-8" standalone="no"?>
<test-run id="0" runstate="Runnable" testcasecount="310" result="Passed" total="310" passed="310" failed="0" warnings="0" inconclusive="0" skipped="0" asserts="713" engine-version="3.16.3.0" clr-version="4.0.30319.42000" start-time="2026-07-05 04:21:02Z" end-time="2026-07-05 04:21:04Z" duration="2.051667">
  <command-line><![CDATA["C:\Users\CFDDN\.nuget\packages\nunit.consolerunner\3.16.3\tools\nunit3-console.exe"  "d:\leaveblackgithub\DDNCadAddins\src\bin\Debug\DDNCadAddins.Core.Tests.dll" --noheader]]></command-line>
  <test-suite type="Assembly" id="1-1338" name="DDNCadAddins.Core.Tests.dll" fullname="d:\leaveblackgithub\DDNCadAddins\src\bin\Debug\DDNCadAddins.Core.Tests.dll" runstate="Runnable" testcasecount="310" result="Passed" start-time="2026-07-05T04:21:03.4210275Z" end-time="2026-07-05T04:21:04.2910522Z" duration="0.869766" total="310" passed="310" failed="0" warnings="0" inconclusive="0" skipped="0" asserts="713">
    <environment framework-version="3.13.2.0" clr-version="4.0.30319.42000" os-version="Microsoft Windows NT 10.0.26200.0" platform="Win32NT" cwd="d:\leaveblackgithub\DDNCadAddins" machine-name="LENOVO" user="CFDDN" user-domain="LENOVO" culture="zh-CN" uiculture="zh-CN" os-architecture="x64" />
    <settings>
      <setting name="DisposeRunners" value="True" />
      <setting name="WorkDirectory" value="d:\leaveblackgithub\DDNCadAddins" />
      <setting name="ImageRuntimeVersion" value="4.0.30319" />
      <setting name="ImageTargetFrameworkName" value=".NETFramework,Version=v4.7" />
      <setting name="ImageRequiresX86" value="False" />
      <setting name="ImageRequiresDefaultAppDomainAssemblyResolver" value="False" />
      <setting name="TargetRuntimeFramework" value="net-4.7" />
      <setting name="NumberOfTestWorkers" value="16" />
    </settings>
    <properties>
      <property name="_PID" value="58044" />
      <property name="_APPDOMAIN" value="domain-" />
    </properties>
    <test-suite type="TestSuite" id="1-1339" name="DDNCadAddins" fullname="DDNCadAddins" runstate="Runnable" testcasecount="310" result="Passed" start-time="2026-07-05T04:21:03.4341861Z" end-time="2026-07-05T04:21:04.2910522Z" duration="0.856123" total="310" passed="310" failed="0" warnings="0" inconclusive="0" skipped="0" asserts="713">
      <test-suite type="TestSuite" id="1-1340" name="Core" fullname="DDNCadAddins.Core" runstate="Runnable" testcasecount="310" result="Passed" start-time="2026-07-05T04:21:03.4353952Z" end-time="2026-07-05T04:21:04.2910522Z" duration="0.855767" total="310" passed="310" failed="0" warnings="0" inconclusive="0" skipped="0" asserts="713">
        <test-suite type="TestSuite" id="1-1341" name="Tests" fullname="DDNCadAddins.Core.Tests" runstate="Runnable" testcasecount="310" result="Passed" start-time="2026-07-05T04:21:03.4353952Z" end-time="2026-07-05T04:21:04.2910522Z" duration="0.855747" total="310" passed="310" failed="0" warnings="0" inconclusive="0" skipped="0" asserts="713">
          <test-suite type="TestFixture" id="1-1189" name="BlockCleanupOptionsTests" fullname="DDNCadAddins.Core.Tests.BlockCleanupOptionsTests" classname="DDNCadAddins.Core.Tests.BlockCleanupOptionsTests" runstate="Runnable" testcasecount="2" result="Passed" start-time="2026-07-05T04:21:03.4374609Z" end-time="2026-07-05T04:21:03.5420191Z" duration="0.105066" total="2" passed="2" failed="0" warnings="0" inconclusive="0" skipped="0" asserts="4">
            <test-case id="1-1190" name="CancelledMessage_HasDefaultValue" fullname="DDNCadAddins.Core.Tests.BlockCleanupOptionsTests.CancelledMessage_HasDefaultValue" methodname="CancelledMessage_HasDefaultValue" classname="DDNCadAddins.Core.Tests.BlockCleanupOptionsTests" runstate="Runnable" seed="917612775" result="Passed" start-time="2026-07-05T04:21:03.4403509Z" end-time="2026-07-05T04:21:03.5354656Z" duration="0.095989" asserts="1" />
            <test-case id="1-1191" name="DefaultConstructor_CallbacksAreNull" fullname="DDNCadAddins.Core.Tests.BlockCleanupOptionsTests.DefaultConstructor_CallbacksAreNull" methodname="DefaultConstructor_CallbacksAreNull" classname="DDNCadAddins.Core.Tests.BlockCleanupOptionsTests" runstate="Runnable" seed="2117176697" result="Passed" start-time="2026-07-05T04:21:03.5385077Z" end-time="2026-07-05T04:21:03.5410162Z" duration="0.002748" asserts="3" />
          </test-suite>
          <test-suite type="TestFixture" id="1-1192" name="BlockCleanupResultTests" fullname="DDNCadAddins.Core.Tests.BlockCleanupResultTests" classname="DDNCadAddins.Core.Tests.BlockCleanupResultTests" runstate="Runnable" testcasecount="4" result="Passed" start-time="2026-07-05T04:21:03.5440472Z" end-time="2026-07-05T04:21:03.5607826Z" duration="0.017497" total="4" passed="4" failed="0" warnings="0" inconclusive="0" skipped="0" asserts="10">
            <test-case id="1-1195" name="CanAddFailureCount" fullname="DDNCadAddins.Core.Tests.BlockCleanupResultTests.CanAddFailureCount" methodname="CanAddFailureCount" classname="DDNCadAddins.Core.Tests.BlockCleanupResultTests" runstate="Runnable" seed="431965000" result="Passed" start-time="2026-07-05T04:21:03.5440472Z" end-time="2026-07-05T04:21:03.5576189Z" duration="0.013405" asserts="1" />
            <test-case id="1-1196" name="CanAddRoundResult" fullname="DDNCadAddins.Core.Tests.BlockCleanupResultTests.CanAddRoundResult" methodname="CanAddRoundResult" classname="DDNCadAddins.Core.Tests.BlockCleanupResultTests" runstate="Runnable" seed="1233002164" result="Passed" start-time="2026-07-05T04:21:03.5576189Z" end-time="2026-07-05T04:21:03.5576189Z" duration="0.000614" asserts="2" />
            <test-case id="1-1193" name="DefaultConstructor_CollectionsAreNotNull" fullname="DDNCadAddins.Core.Tests.BlockCleanupResultTests.DefaultConstructor_CollectionsAreNotNull" methodname="DefaultConstructor_CollectionsAreNotNull" classname="DDNCadAddins.Core.Tests.BlockCleanupResultTests" runstate="Runnable" seed="2051969326" result="Passed" start-time="2026-07-05T04:21:03.5576189Z" end-time="2026-07-05T04:21:03.5607826Z" duration="0.002952" asserts="4" />
            <test-case id="1-1194" name="DefaultConstructor_CountsAreZero" fullname="DDNCadAddins.Core.Tests.BlockCleanupResultTests.DefaultConstructor_CountsAreZero" methodname="DefaultConstructor_CountsAreZero" classname="DDNCadAddins.Core.Tests.BlockCleanupResultTests" runstate="Runnable" seed="1741523634" result="Passed" start-time="2026-07-05T04:21:03.5607826Z" end-time="2026-07-05T04:21:03.5607826Z" duration="0.000298" asserts="3" />
          </test-suite>
          <test-suite type="TestFixture" id="1-1197" name="BlockCleanupRoundResultTests" fullname="DDNCadAddins.Core.Tests.BlockCleanupRoundResultTests" classname="DDNCadAddins.Core.Tests.BlockCleanupRoundResultTests" runstate="Runnable" testcasecount="2" result="Passed" start-time="2026-07-05T04:21:03.5617893Z" end-time="2026-07-05T04:21:03.5617893Z" duration="0.000737" total="2" passed="2" failed="0" warnings="0" inconclusive="0" skipped="0" asserts="5">
            <test-case id="1-1198" name="DefaultConstructor_CollectionsAreNotNull" fullname="DDNCadAddins.Core.Tests.BlockCleanupRoundResultTests.DefaultConstructor_CollectionsAreNotNull" methodname="DefaultConstructor_CollectionsAreNotNull" classname="DDNCadAddins.Core.Tests.BlockCleanupRoundResultTests" runstate="Runnable" seed="722398128" result="Passed" start-time="2026-07-05T04:21:03.5617893Z" end-time="2026-07-05T04:21:03.5617893Z" duration="0.000228" asserts="2" />
            <test-case id="1-1199" name="DefaultConstructor_CountsAreZero" fullname="DDNCadAddins.Core.Tests.BlockCleanupRoundResultTests.DefaultConstructor_CountsAreZero" methodname="DefaultConstructor_CountsAreZero" classname="DDNCadAddins.Core.Tests.BlockCleanupRoundResultTests" runstate="Runnable" seed="277307872" result="Passed" start-time="2026-07-05T04:21:03.5617893Z" end-time="2026-07-05T04:21:03.5617893Z" duration="0.000356" asserts="3" />
          </test-suite>
          <test-suite type="TestFixture" id="1-1022" name="BlockCleanupServiceTests" fullname="DDNCadAddins.Core.Tests.BlockCleanupServiceTests" classname="DDNCadAddins.Core.Tests.BlockCleanupServiceTests" runstate="Runnable" testcasecount="15" result="Passed" start-time="2026-07-05T04:21:03.5617893Z" end-time="2026-07-05T04:21:03.9752425Z" duration="0.412952" total="15" passed="15" failed="0" warnings="0" inconclusive="0" skipped="0" asserts="54">
            <test-case id="1-1032" name="CleanupNonXclippedBlocks_BlockExplodeReport_HasCorrectSequenceInfo" fullname="DDNCadAddins.Core.Tests.BlockCleanupServiceTests.CleanupNonXclippedBlocks_BlockExplodeReport_HasCorrectSequenceInfo" methodname="CleanupNonXclippedBlocks_BlockExplodeReport_HasCorrectSequenceInfo" classname="DDNCadAddins.Core.Tests.BlockCleanupServiceTests" runstate="Runnable" seed="365556081" result="Passed" start-time="2026-07-05T04:21:03.5617893Z" end-time="2026-07-05T04:21:03.9327798Z" duration="0.370483" asserts="10" />
            <test-case id="1-1030" name="CleanupNonXclippedBlocks_CancellationRequested_ReturnsFail" fullname="DDNCadAddins.Core.Tests.BlockCleanupServiceTests.CleanupNonXclippedBlocks_CancellationRequested_ReturnsFail" methodname="CleanupNonXclippedBlocks_CancellationRequested_ReturnsFail" classname="DDNCadAddins.Core.Tests.BlockCleanupServiceTests" runstate="Runnable" seed="1492021382" result="Passed" start-time="2026-07-05T04:21:03.9327798Z" end-time="2026-07-05T04:21:03.9347914Z" duration="0.002289" asserts="2" />
            <test-case id="1-1027" name="CleanupNonXclippedBlocks_ErasesEmptyDefinitionBlock" fullname="DDNCadAddins.Core.Tests.BlockCleanupServiceTests.CleanupNonXclippedBlocks_ErasesEmptyDefinitionBlock" methodname="CleanupNonXclippedBlocks_ErasesEmptyDefinitionBlock" classname="DDNCadAddins.Core.Tests.BlockCleanupServiceTests" runstate="Runnable" seed="546991610" result="Passed" start-time="2026-07-05T04:21:03.9347914Z" end-time="2026-07-05T04:21:03.9422843Z" duration="0.007124" asserts="2" />
            <test-case id="1-1023" name="CleanupNonXclippedBlocks_ExplodesNonXclippedBlocks" fullname="DDNCadAddins.Core.Tests.BlockCleanupServiceTests.CleanupNonXclippedBlocks_ExplodesNonXclippedBlocks" methodname="CleanupNonXclippedBlocks_ExplodesNonXclippedBlocks" classname="DDNCadAddins.Core.Tests.BlockCleanupServiceTests" runstate="Runnable" seed="954258904" result="Passed" start-time="2026-07-05T04:21:03.9422843Z" end-time="2026-07-05T04:21:03.9445188Z" duration="0.002712" asserts="3" />
            <test-case id="1-1033" name="CleanupNonXclippedBlocks_MultipleRounds_ReportsHaveCorrectRoundNumbers" fullname="DDNCadAddins.Core.Tests.BlockCleanupServiceTests.CleanupNonXclippedBlocks_MultipleRounds_ReportsHaveCorrectRoundNumbers" methodname="CleanupNonXclippedBlocks_MultipleRounds_ReportsHaveCorrectRoundNumbers" classname="DDNCadAddins.Core.Tests.BlockCleanupServiceTests" runstate="Runnable" seed="66973404" result="Passed" start-time="2026-07-05T04:21:03.9445188Z" end-time="2026-07-05T04:21:03.9572884Z" duration="0.011906" asserts="10" />
            <test-case id="1-1024" name="CleanupNonXclippedBlocks_NoBlocks_ReturnsEmptyResult" fullname="DDNCadAddins.Core.Tests.BlockCleanupServiceTests.CleanupNonXclippedBlocks_NoBlocks_ReturnsEmptyResult" methodname="CleanupNonXclippedBlocks_NoBlocks_ReturnsEmptyResult" classname="DDNCadAddins.Core.Tests.BlockCleanupServiceTests" runstate="Runnable" seed="1939179306" result="Passed" start-time="2026-07-05T04:21:03.9572884Z" end-time="2026-07-05T04:21:03.9572884Z" duration="0.000744" asserts="2" />
            <test-case id="1-1031" name="CleanupNonXclippedBlocks_OnBlockExploded_InvokesCallback" fullname="DDNCadAddins.Core.Tests.BlockCleanupServiceTests.CleanupNonXclippedBlocks_OnBlockExploded_InvokesCallback" methodname="CleanupNonXclippedBlocks_OnBlockExploded_InvokesCallback" classname="DDNCadAddins.Core.Tests.BlockCleanupServiceTests" runstate="Runnable" seed="1729875834" result="Passed" start-time="2026-07-05T04:21:03.9572884Z" end-time="2026-07-05T04:21:03.9593079Z" duration="0.001924" asserts="2" />
            <test-case id="1-1035" name="CleanupNonXclippedBlocks_Optimization_EarlyTerminationAfterEmptyRounds" fullname="DDNCadAddins.Core.Tests.BlockCleanupServiceTests.CleanupNonXclippedBlocks_Optimization_EarlyTerminationAfterEmptyRounds" methodname="CleanupNonXclippedBlocks_Optimization_EarlyTerminationAfterEmptyRounds" classname="DDNCadAddins.Core.Tests.BlockCleanupServiceTests" runstate="Runnable" seed="1396715398" result="Passed" start-time="2026-07-05T04:21:03.9593079Z" end-time="2026-07-05T04:21:03.9613223Z" duration="0.001429" asserts="2" />
            <test-case id="1-1037" name="CleanupNonXclippedBlocks_Optimization_NameBasedDeduplication" fullname="DDNCadAddins.Core.Tests.BlockCleanupServiceTests.CleanupNonXclippedBlocks_Optimization_NameBasedDeduplication" methodname="CleanupNonXclippedBlocks_Optimization_NameBasedDeduplication" classname="DDNCadAddins.Core.Tests.BlockCleanupServiceTests" runstate="Runnable" seed="1055649261" result="Passed" start-time="2026-07-05T04:21:03.9613223Z" end-time="2026-07-05T04:21:03.9623263Z" duration="0.001974" asserts="2" />
            <test-case id="1-1034" name="CleanupNonXclippedBlocks_Optimization_NoDuplicateProcessing" fullname="DDNCadAddins.Core.Tests.BlockCleanupServiceTests.CleanupNonXclippedBlocks_Optimization_NoDuplicateProcessing" methodname="CleanupNonXclippedBlocks_Optimization_NoDuplicateProcessing" classname="DDNCadAddins.Core.Tests.BlockCleanupServiceTests" runstate="Runnable" seed="1418053677" result="Passed" start-time="2026-07-05T04:21:03.9634922Z" end-time="2026-07-05T04:21:03.9650113Z" duration="0.002073" asserts="2" />
            <test-case id="1-1036" name="CleanupNonXclippedBlocks_Optimization_SameNameBlocksBatched" fullname="DDNCadAddins.Core.Tests.BlockCleanupServiceTests.CleanupNonXclippedBlocks_Optimization_SameNameBlocksBatched" methodname="CleanupNonXclippedBlocks_Optimization_SameNameBlocksBatched" classname="DDNCadAddins.Core.Tests.BlockCleanupServiceTests" runstate="Runnable" seed="391737261" result="Passed" start-time="2026-07-05T04:21:03.9650113Z" end-time="2026-07-05T04:21:03.9660297Z" duration="0.001305" asserts="5" />
            <test-case id="1-1028" name="CleanupNonXclippedBlocks_RecordsExplodeFailure" fullname="DDNCadAddins.Core.Tests.BlockCleanupServiceTests.CleanupNonXclippedBlocks_RecordsExplodeFailure" methodname="CleanupNonXclippedBlocks_RecordsExplodeFailure" classname="DDNCadAddins.Core.Tests.BlockCleanupServiceTests" runstate="Runnable" seed="2147350273" result="Passed" start-time="2026-07-05T04:21:03.9660297Z" end-time="2026-07-05T04:21:03.9670376Z" duration="0.001059" asserts="4" />
            <test-case id="1-1025" name="CleanupNonXclippedBlocks_RepositoryFails_ReturnsFail" fullname="DDNCadAddins.Core.Tests.BlockCleanupServiceTests.CleanupNonXclippedBlocks_RepositoryFails_ReturnsFail" methodname="CleanupNonXclippedBlocks_RepositoryFails_ReturnsFail" classname="DDNCadAddins.Core.Tests.BlockCleanupServiceTests" runstate="Runnable" seed="387690507" result="Passed" start-time="2026-07-05T04:21:03.9670376Z" end-time="2026-07-05T04:21:03.9680513Z" duration="0.000388" asserts="1" />
            <test-case id="1-1029" name="CleanupNonXclippedBlocks_RunsMultipleRoundsWhenNestedBlocksExist" fullname="DDNCadAddins.Core.Tests.BlockCleanupServiceTests.CleanupNonXclippedBlocks_RunsMultipleRoundsWhenNestedBlocksExist" methodname="CleanupNonXclippedBlocks_RunsMultipleRoundsWhenNestedBlocksExist" classname="DDNCadAddins.Core.Tests.BlockCleanupServiceTests" runstate="Runnable" seed="1712550918" result="Passed" start-time="2026-07-05T04:21:03.9680513Z" end-time="2026-07-05T04:21:03.9732165Z" duration="0.005722" asserts="5" />
            <test-case id="1-1026" name="CleanupNonXclippedBlocks_SkipsXclippedBlocks" fullname="DDNCadAddins.Core.Tests.BlockCleanupServiceTests.CleanupNonXclippedBlocks_SkipsXclippedBlocks" methodname="CleanupNonXclippedBlocks_SkipsXclippedBlocks" classname="DDNCadAddins.Core.Tests.BlockCleanupServiceTests" runstate="Runnable" seed="1182841106" result="Passed" start-time="2026-07-05T04:21:03.9732165Z" end-time="2026-07-05T04:21:03.9752425Z" duration="0.001313" asserts="2" />
          </test-suite>
          <test-suite type="TestFixture" id="1-1200" name="BlockExplodeReportTests" fullname="DDNCadAddins.Core.Tests.BlockExplodeReportTests" classname="DDNCadAddins.Core.Tests.BlockExplodeReportTests" runstate="Runnable" testcasecount="1" result="Passed" start-time="2026-07-05T04:21:03.9752425Z" end-time="2026-07-05T04:21:03.9752425Z" duration="0.000405" total="1" passed="1" failed="0" warnings="0" inconclusive="0" skipped="0" asserts="6">
            <test-case id="1-1201" name="DefaultConstructor_PropertiesAreDefault" fullname="DDNCadAddins.Core.Tests.BlockExplodeReportTests.DefaultConstructor_PropertiesAreDefault" methodname="DefaultConstructor_PropertiesAreDefault" classname="DDNCadAddins.Core.Tests.BlockExplodeReportTests" runstate="Runnable" seed="1939713958" result="Passed" start-time="2026-07-05T04:21:03.9752425Z" end-time="2026-07-05T04:21:03.9752425Z" duration="0.000285" asserts="6" />
          </test-suite>
          <test-suite type="TestFixture" id="1-1128" name="BlockExplodeResultTests" fullname="DDNCadAddins.Core.Tests.BlockExplodeResultTests" classname="DDNCadAddins.Core.Tests.BlockExplodeResultTests" runstate="Runnable" testcasecount="8" result="Passed" start-time="2026-07-05T04:21:03.9752425Z" end-time="2026-07-05T04:21:03.9772691Z" duration="0.001961" total="8" passed="8" failed="0" warnings="0" inconclusive="0" skipped="0" asserts="26">
            <test-case id="1-1131" name="Add_AccumulatesAllFields" fullname="DDNCadAddins.Core.Tests.BlockExplodeResultTests.Add_AccumulatesAllFields" methodname="Add_AccumulatesAllFields" classname="DDNCadAddins.Core.Tests.BlockExplodeResultTests" runstate="Runnable" seed="873915961" result="Passed" start-time="2026-07-05T04:21:03.9752425Z" end-time="2026-07-05T04:21:03.9762578Z" duration="0.000284" asserts="4" />
            <test-case id="1-1132" name="Add_ToEmpty_EqualsOther" fullname="DDNCadAddins.Core.Tests.BlockExplodeResultTests.Add_ToEmpty_EqualsOther" methodname="Add_ToEmpty_EqualsOther" classname="DDNCadAddins.Core.Tests.BlockExplodeResultTests" runstate="Runnable" seed="578778354" result="Passed" start-time="2026-07-05T04:21:03.9762578Z" end-time="2026-07-05T04:21:03.9762578Z" duration="0.000241" asserts="4" />
            <test-case id="1-1130" name="Add_WithNull_DoesNotThrow" fullname="DDNCadAddins.Core.Tests.BlockExplodeResultTests.Add_WithNull_DoesNotThrow" methodname="Add_WithNull_DoesNotThrow" classname="DDNCadAddins.Core.Tests.BlockExplodeResultTests" runstate="Runnable" seed="350241238" result="Passed" start-time="2026-07-05T04:21:03.9762578Z" end-time="2026-07-05T04:21:03.9762578Z" duration="0.000127" asserts="1" />
            <test-case id="1-1134" name="Aggregate_EmptyArray_ReturnsZeroResult" fullname="DDNCadAddins.Core.Tests.BlockExplodeResultTests.Aggregate_EmptyArray_ReturnsZeroResult" methodname="Aggregate_EmptyArray_ReturnsZeroResult" classname="DDNCadAddins.Core.Tests.BlockExplodeResultTests" runstate="Runnable" seed="634213283" result="Passed" start-time="2026-07-05T04:21:03.9762578Z" end-time="2026-07-05T04:21:03.9762578Z" duration="0.000331" asserts="4" />
            <test-case id="1-1135" name="Aggregate_MultipleResults_SumsAll" fullname="DDNCadAddins.Core.Tests.BlockExplodeResultTests.Aggregate_MultipleResults_SumsAll" methodname="Aggregate_MultipleResults_SumsAll" classname="DDNCadAddins.Core.Tests.BlockExplodeResultTests" runstate="Runnable" seed="2080019842" result="Passed" start-time="2026-07-05T04:21:03.9762578Z" end-time="2026-07-05T04:21:03.9772691Z" duration="0.000295" asserts="4" />
            <test-case id="1-1133" name="Aggregate_SingleResult_ReturnsSame" fullname="DDNCadAddins.Core.Tests.BlockExplodeResultTests.Aggregate_SingleResult_ReturnsSame" methodname="Aggregate_SingleResult_ReturnsSame" classname="DDNCadAddins.Core.Tests.BlockExplodeResultTests" runstate="Runnable" seed="1386992595" result="Passed" start-time="2026-07-05T04:21:03.9772691Z" end-time="2026-07-05T04:21:03.9772691Z" duration="0.000230" asserts="4" />
            <test-case id="1-1136" name="Aggregate_WithNull_HandlesGracefully" fullname="DDNCadAddins.Core.Tests.BlockExplodeResultTests.Aggregate_WithNull_HandlesGracefully" methodname="Aggregate_WithNull_HandlesGracefully" classname="DDNCadAddins.Core.Tests.BlockExplodeResultTests" runstate="Runnable" seed="169344934" result="Passed" start-time="2026-07-05T04:21:03.9772691Z" end-time="2026-07-05T04:21:03.9772691Z" duration="0.000114" asserts="1" />
            <test-case id="1-1129" name="DefaultConstructor_AllCountsAreZero" fullname="DDNCadAddins.Core.Tests.BlockExplodeResultTests.DefaultConstructor_AllCountsAreZero" methodname="DefaultConstructor_AllCountsAreZero" classname="DDNCadAddins.Core.Tests.BlockExplodeResultTests" runstate="Runnable" seed="2089004435" result="Passed" start-time="2026-07-05T04:21:03.9772691Z" end-time="2026-07-05T04:21:03.9772691Z" duration="0.000176" asserts="4" />
          </test-suite>
          <test-suite type="TestFixture" id="1-1202" name="BlockInfoTests" fullname="DDNCadAddins.Core.Tests.BlockInfoTests" classname="DDNCadAddins.Core.Tests.BlockInfoTests" runstate="Runnable" testcasecount="2" result="Passed" start-time="2026-07-05T04:21:03.9772691Z" end-time="2026-07-05T04:21:03.9772691Z" duration="0.000311" total="2" passed="2" failed="0" warnings="0" inconclusive="0" skipped="0" asserts="4">
            <test-case id="1-1203" name="Constructor_SetsProperties" fullname="DDNCadAddins.Core.Tests.BlockInfoTests.Constructor_SetsProperties" methodname="Constructor_SetsProperties" classname="DDNCadAddins.Core.Tests.BlockInfoTests" runstate="Runnable" seed="635523639" result="Passed" start-time="2026-07-05T04:21:03.9772691Z" end-time="2026-07-05T04:21:03.9772691Z" duration="0.000136" asserts="3" />
            <test-case id="1-1204" name="Default_IsNotXclipped" fullname="DDNCadAddins.Core.Tests.BlockInfoTests.Default_IsNotXclipped" methodname="Default_IsNotXclipped" classname="DDNCadAddins.Core.Tests.BlockInfoTests" runstate="Runnable" seed="1634865412" result="Passed" start-time="2026-07-05T04:21:03.9772691Z" end-time="2026-07-05T04:21:03.9772691Z" duration="0.000079" asserts="1" />
          </test-suite>
          <test-suite type="TestFixture" id="1-1171" name="CadStyleConstantsTests" fullname="DDNCadAddins.Core.Tests.CadStyleConstantsTests" classname="DDNCadAddins.Core.Tests.CadStyleConstantsTests" runstate="Runnable" testcasecount="7" result="Passed" start-time="2026-07-05T04:21:03.9782770Z" end-time="2026-07-05T04:21:03.9782770Z" duration="0.000682" total="7" passed="7" failed="0" warnings="0" inconclusive="0" skipped="0" asserts="7">
            <test-case id="1-1172" name="Colors_ByBlock_IsZero" fullname="DDNCadAddins.Core.Tests.CadStyleConstantsTests.Colors_ByBlock_IsZero" methodname="Colors_ByBlock_IsZero" classname="DDNCadAddins.Core.Tests.CadStyleConstantsTests" runstate="Runnable" seed="547894179" result="Passed" start-time="2026-07-05T04:21:03.9782770Z" end-time="2026-07-05T04:21:03.9782770Z" duration="0.000113" asserts="1" />
            <test-case id="1-1173" name="Colors_ByLayer_Is256" fullname="DDNCadAddins.Core.Tests.CadStyleConstantsTests.Colors_ByLayer_Is256" methodname="Colors_ByLayer_Is256" classname="DDNCadAddins.Core.Tests.CadStyleConstantsTests" runstate="Runnable" seed="218411035" result="Passed" start-time="2026-07-05T04:21:03.9782770Z" end-time="2026-07-05T04:21:03.9782770Z" duration="0.000098" asserts="1" />
            <test-case id="1-1175" name="Colors_MaxAciIndex_Is255" fullname="DDNCadAddins.Core.Tests.CadStyleConstantsTests.Colors_MaxAciIndex_Is255" methodname="Colors_MaxAciIndex_Is255" classname="DDNCadAddins.Core.Tests.CadStyleConstantsTests" runstate="Runnable" seed="2056799612" result="Passed" start-time="2026-07-05T04:21:03.9782770Z" end-time="2026-07-05T04:21:03.9782770Z" duration="0.000080" asserts="1" />
            <test-case id="1-1174" name="Colors_Red_IsOne" fullname="DDNCadAddins.Core.Tests.CadStyleConstantsTests.Colors_Red_IsOne" methodname="Colors_Red_IsOne" classname="DDNCadAddins.Core.Tests.CadStyleConstantsTests" runstate="Runnable" seed="2012735742" result="Passed" start-time="2026-07-05T04:21:03.9782770Z" end-time="2026-07-05T04:21:03.9782770Z" duration="0.000075" asserts="1" />
            <test-case id="1-1177" name="Linetypes_ByBlock_IsByBlock" fullname="DDNCadAddins.Core.Tests.CadStyleConstantsTests.Linetypes_ByBlock_IsByBlock" methodname="Linetypes_ByBlock_IsByBlock" classname="DDNCadAddins.Core.Tests.CadStyleConstantsTests" runstate="Runnable" seed="1009552093" result="Passed" start-time="2026-07-05T04:21:03.9782770Z" end-time="2026-07-05T04:21:03.9782770Z" duration="0.000067" asserts="1" />
            <test-case id="1-1178" name="Linetypes_ByLayer_IsByLayer" fullname="DDNCadAddins.Core.Tests.CadStyleConstantsTests.Linetypes_ByLayer_IsByLayer" methodname="Linetypes_ByLayer_IsByLayer" classname="DDNCadAddins.Core.Tests.CadStyleConstantsTests" runstate="Runnable" seed="1199188251" result="Passed" start-time="2026-07-05T04:21:03.9782770Z" end-time="2026-07-05T04:21:03.9782770Z" duration="0.000062" asserts="1" />
            <test-case id="1-1176" name="Linetypes_Continuous_IsContinuous" fullname="DDNCadAddins.Core.Tests.CadStyleConstantsTests.Linetypes_Continuous_IsContinuous" methodname="Linetypes_Continuous_IsContinuous" classname="DDNCadAddins.Core.Tests.CadStyleConstantsTests" runstate="Runnable" seed="444784419" result="Passed" start-time="2026-07-05T04:21:03.9782770Z" end-time="2026-07-05T04:21:03.9782770Z" duration="0.000060" asserts="1" />
          </test-suite>
          <test-suite type="TestFixture" id="1-1137" name="CalculationResultTests" fullname="DDNCadAddins.Core.Tests.CalculationResultTests" classname="DDNCadAddins.Core.Tests.CalculationResultTests" runstate="Runnable" testcasecount="9" result="Passed" start-time="2026-07-05T04:21:03.9782770Z" end-time="2026-07-05T04:21:03.9823081Z" duration="0.003533" total="9" passed="9" failed="0" warnings="0" inconclusive="0" skipped="0" asserts="11">
            <test-case id="1-1146" name="Fail_EmptyMessage_Allowed" fullname="DDNCadAddins.Core.Tests.CalculationResultTests.Fail_EmptyMessage_Allowed" methodname="Fail_EmptyMessage_Allowed" classname="DDNCadAddins.Core.Tests.CalculationResultTests" runstate="Runnable" seed="1851801462" result="Passed" start-time="2026-07-05T04:21:03.9782770Z" end-time="2026-07-05T04:21:03.9792846Z" duration="0.000308" asserts="2" />
            <test-case id="1-1143" name="Fail_IsSuccess_IsFalse" fullname="DDNCadAddins.Core.Tests.CalculationResultTests.Fail_IsSuccess_IsFalse" methodname="Fail_IsSuccess_IsFalse" classname="DDNCadAddins.Core.Tests.CalculationResultTests" runstate="Runnable" seed="1360682550" result="Passed" start-time="2026-07-05T04:21:03.9792846Z" end-time="2026-07-05T04:21:03.9792846Z" duration="0.000082" asserts="1" />
            <test-case id="1-1144" name="Fail_Message_Preserved" fullname="DDNCadAddins.Core.Tests.CalculationResultTests.Fail_Message_Preserved" methodname="Fail_Message_Preserved" classname="DDNCadAddins.Core.Tests.CalculationResultTests" runstate="Runnable" seed="2006700323" result="Passed" start-time="2026-07-05T04:21:03.9792846Z" end-time="2026-07-05T04:21:03.9792846Z" duration="0.000086" asserts="1" />
            <test-case id="1-1145" name="Fail_Value_IsZero" fullname="DDNCadAddins.Core.Tests.CalculationResultTests.Fail_Value_IsZero" methodname="Fail_Value_IsZero" classname="DDNCadAddins.Core.Tests.CalculationResultTests" runstate="Runnable" seed="1265000793" result="Passed" start-time="2026-07-05T04:21:03.9792846Z" end-time="2026-07-05T04:21:03.9812969Z" duration="0.002359" asserts="1" />
            <test-case id="1-1141" name="Success_CustomMessage_Preserved" fullname="DDNCadAddins.Core.Tests.CalculationResultTests.Success_CustomMessage_Preserved" methodname="Success_CustomMessage_Preserved" classname="DDNCadAddins.Core.Tests.CalculationResultTests" runstate="Runnable" seed="141261879" result="Passed" start-time="2026-07-05T04:21:03.9812969Z" end-time="2026-07-05T04:21:03.9812969Z" duration="0.000175" asserts="1" />
            <test-case id="1-1140" name="Success_DefaultMessage_IsEmpty" fullname="DDNCadAddins.Core.Tests.CalculationResultTests.Success_DefaultMessage_IsEmpty" methodname="Success_DefaultMessage_IsEmpty" classname="DDNCadAddins.Core.Tests.CalculationResultTests" runstate="Runnable" seed="1762918122" result="Passed" start-time="2026-07-05T04:21:03.9812969Z" end-time="2026-07-05T04:21:03.9812969Z" duration="0.000095" asserts="1" />
            <test-case id="1-1138" name="Success_IsSuccess_IsTrue" fullname="DDNCadAddins.Core.Tests.CalculationResultTests.Success_IsSuccess_IsTrue" methodname="Success_IsSuccess_IsTrue" classname="DDNCadAddins.Core.Tests.CalculationResultTests" runstate="Runnable" seed="704447186" result="Passed" start-time="2026-07-05T04:21:03.9812969Z" end-time="2026-07-05T04:21:03.9812969Z" duration="0.000083" asserts="1" />
            <test-case id="1-1142" name="Success_NegativeValue_Preserved" fullname="DDNCadAddins.Core.Tests.CalculationResultTests.Success_NegativeValue_Preserved" methodname="Success_NegativeValue_Preserved" classname="DDNCadAddins.Core.Tests.CalculationResultTests" runstate="Runnable" seed="1771695113" result="Passed" start-time="2026-07-05T04:21:03.9812969Z" end-time="2026-07-05T04:21:03.9823081Z" duration="0.000104" asserts="2" />
            <test-case id="1-1139" name="Success_Value_EqualsProvided" fullname="DDNCadAddins.Core.Tests.CalculationResultTests.Success_Value_EqualsProvided" methodname="Success_Value_EqualsProvided" classname="DDNCadAddins.Core.Tests.CalculationResultTests" runstate="Runnable" seed="2095121653" result="Passed" start-time="2026-07-05T04:21:03.9823081Z" end-time="2026-07-05T04:21:03.9823081Z" duration="0.000085" asserts="1" />
          </test-suite>
          <test-suite type="TestFixture" id="1-1000" name="CalculatorServiceTests" fullname="DDNCadAddins.Core.Tests.CalculatorServiceTests" classname="DDNCadAddins.Core.Tests.CalculatorServiceTests" runstate="Runnable" testcasecount="21" result="Passed" start-time="2026-07-05T04:21:03.9823081Z" end-time="2026-07-05T04:21:03.9876695Z" duration="0.005220" total="21" passed="21" failed="0" warnings="0" inconclusive="0" skipped="0" asserts="37">
            <test-case id="1-1008" name="Add_MaxValueOverflow_ReturnsFail" fullname="DDNCadAddins.Core.Tests.CalculatorServiceTests.Add_MaxValueOverflow_ReturnsFail" methodname="Add_MaxValueOverflow_ReturnsFail" classname="DDNCadAddins.Core.Tests.CalculatorServiceTests" runstate="Runnable" seed="1861108700" result="Passed" start-time="2026-07-05T04:21:03.9823081Z" end-time="2026-07-05T04:21:03.9833180Z" duration="0.000724" asserts="1" />
            <test-case id="1-1003" name="Add_MixedSign_ReturnsSum" fullname="DDNCadAddins.Core.Tests.CalculatorServiceTests.Add_MixedSign_ReturnsSum" methodname="Add_MixedSign_ReturnsSum" classname="DDNCadAddins.Core.Tests.CalculatorServiceTests" runstate="Runnable" seed="1671139691" result="Passed" start-time="2026-07-05T04:21:03.9833180Z" end-time="2026-07-05T04:21:03.9833180Z" duration="0.000236" asserts="2" />
            <test-case id="1-1005" name="Add_NaNFirstArg_ReturnsFail" fullname="DDNCadAddins.Core.Tests.CalculatorServiceTests.Add_NaNFirstArg_ReturnsFail" methodname="Add_NaNFirstArg_ReturnsFail" classname="DDNCadAddins.Core.Tests.CalculatorServiceTests" runstate="Runnable" seed="1202179654" result="Passed" start-time="2026-07-05T04:21:03.9833180Z" end-time="2026-07-05T04:21:03.9843311Z" duration="0.001481" asserts="2" />
            <test-case id="1-1006" name="Add_NaNSecondArg_ReturnsFail" fullname="DDNCadAddins.Core.Tests.CalculatorServiceTests.Add_NaNSecondArg_ReturnsFail" methodname="Add_NaNSecondArg_ReturnsFail" classname="DDNCadAddins.Core.Tests.CalculatorServiceTests" runstate="Runnable" seed="358552466" result="Passed" start-time="2026-07-05T04:21:03.9843311Z" end-time="2026-07-05T04:21:03.9843311Z" duration="0.000102" asserts="1" />
            <test-case id="1-1002" name="Add_NegativeNumbers_ReturnsSum" fullname="DDNCadAddins.Core.Tests.CalculatorServiceTests.Add_NegativeNumbers_ReturnsSum" methodname="Add_NegativeNumbers_ReturnsSum" classname="DDNCadAddins.Core.Tests.CalculatorServiceTests" runstate="Runnable" seed="1205678660" result="Passed" start-time="2026-07-05T04:21:03.9843311Z" end-time="2026-07-05T04:21:03.9843311Z" duration="0.000119" asserts="2" />
            <test-case id="1-1007" name="Add_PositiveInfinity_ReturnsFail" fullname="DDNCadAddins.Core.Tests.CalculatorServiceTests.Add_PositiveInfinity_ReturnsFail" methodname="Add_PositiveInfinity_ReturnsFail" classname="DDNCadAddins.Core.Tests.CalculatorServiceTests" runstate="Runnable" seed="579072133" result="Passed" start-time="2026-07-05T04:21:03.9843311Z" end-time="2026-07-05T04:21:03.9853382Z" duration="0.000122" asserts="1" />
            <test-case id="1-1001" name="Add_PositiveNumbers_ReturnsSum" fullname="DDNCadAddins.Core.Tests.CalculatorServiceTests.Add_PositiveNumbers_ReturnsSum" methodname="Add_PositiveNumbers_ReturnsSum" classname="DDNCadAddins.Core.Tests.CalculatorServiceTests" runstate="Runnable" seed="1699801057" result="Passed" start-time="2026-07-05T04:21:03.9853382Z" end-time="2026-07-05T04:21:03.9853382Z" duration="0.000128" asserts="2" />
            <test-case id="1-1004" name="Add_Zeros_ReturnsZero" fullname="DDNCadAddins.Core.Tests.CalculatorServiceTests.Add_Zeros_ReturnsZero" methodname="Add_Zeros_ReturnsZero" classname="DDNCadAddins.Core.Tests.CalculatorServiceTests" runstate="Runnable" seed="838247282" result="Passed" start-time="2026-07-05T04:21:03.9853382Z" end-time="2026-07-05T04:21:03.9853382Z" duration="0.000115" asserts="2" />
            <test-case id="1-1021" name="OpResult_Fail_SetsPropertiesCorrectly" fullname="DDNCadAddins.Core.Tests.CalculatorServiceTests.OpResult_Fail_SetsPropertiesCorrectly" methodname="OpResult_Fail_SetsPropertiesCorrectly" classname="DDNCadAddins.Core.Tests.CalculatorServiceTests" runstate="Runnable" seed="300965068" result="Passed" start-time="2026-07-05T04:21:03.9853382Z" end-time="2026-07-05T04:21:03.9853382Z" duration="0.000125" asserts="3" />
            <test-case id="1-1020" name="OpResult_Success_SetsPropertiesCorrectly" fullname="DDNCadAddins.Core.Tests.CalculatorServiceTests.OpResult_Success_SetsPropertiesCorrectly" methodname="OpResult_Success_SetsPropertiesCorrectly" classname="DDNCadAddins.Core.Tests.CalculatorServiceTests" runstate="Runnable" seed="577013323" result="Passed" start-time="2026-07-05T04:21:03.9853382Z" end-time="2026-07-05T04:21:03.9853382Z" duration="0.000130" asserts="3" />
            <test-case id="1-1017" name="Subtract_FromZero_NegativeValue" fullname="DDNCadAddins.Core.Tests.CalculatorServiceTests.Subtract_FromZero_NegativeValue" methodname="Subtract_FromZero_NegativeValue" classname="DDNCadAddins.Core.Tests.CalculatorServiceTests" runstate="Runnable" seed="1288845389" result="Passed" start-time="2026-07-05T04:21:03.9853382Z" end-time="2026-07-05T04:21:03.9853382Z" duration="0.000397" asserts="2" />
            <test-case id="1-1019" name="Subtract_MaxValueMinusMinValue_Overflows" fullname="DDNCadAddins.Core.Tests.CalculatorServiceTests.Subtract_MaxValueMinusMinValue_Overflows" methodname="Subtract_MaxValueMinusMinValue_Overflows" classname="DDNCadAddins.Core.Tests.CalculatorServiceTests" runstate="Runnable" seed="652315606" result="Passed" start-time="2026-07-05T04:21:03.9853382Z" end-time="2026-07-05T04:21:03.9864920Z" duration="0.000157" asserts="1" />
            <test-case id="1-1010" name="Subtract_NaN_ReturnsFail" fullname="DDNCadAddins.Core.Tests.CalculatorServiceTests.Subtract_NaN_ReturnsFail" methodname="Subtract_NaN_ReturnsFail" classname="DDNCadAddins.Core.Tests.CalculatorServiceTests" runstate="Runnable" seed="1441800761" result="Passed" start-time="2026-07-05T04:21:03.9864920Z" end-time="2026-07-05T04:21:03.9864920Z" duration="0.000121" asserts="1" />
            <test-case id="1-1011" name="Subtract_NaNSecondArg_ReturnsFail" fullname="DDNCadAddins.Core.Tests.CalculatorServiceTests.Subtract_NaNSecondArg_ReturnsFail" methodname="Subtract_NaNSecondArg_ReturnsFail" classname="DDNCadAddins.Core.Tests.CalculatorServiceTests" runstate="Runnable" seed="1443583924" result="Passed" start-time="2026-07-05T04:21:03.9864920Z" end-time="2026-07-05T04:21:03.9864920Z" duration="0.000101" asserts="1" />
            <test-case id="1-1015" name="Subtract_NegativeFromNegative_ReturnsCorrect" fullname="DDNCadAddins.Core.Tests.CalculatorServiceTests.Subtract_NegativeFromNegative_ReturnsCorrect" methodname="Subtract_NegativeFromNegative_ReturnsCorrect" classname="DDNCadAddins.Core.Tests.CalculatorServiceTests" runstate="Runnable" seed="726228989" result="Passed" start-time="2026-07-05T04:21:03.9864920Z" end-time="2026-07-05T04:21:03.9864920Z" duration="0.000121" asserts="2" />
            <test-case id="1-1014" name="Subtract_NegativeFromPositive_AddsMagnitude" fullname="DDNCadAddins.Core.Tests.CalculatorServiceTests.Subtract_NegativeFromPositive_AddsMagnitude" methodname="Subtract_NegativeFromPositive_AddsMagnitude" classname="DDNCadAddins.Core.Tests.CalculatorServiceTests" runstate="Runnable" seed="955826573" result="Passed" start-time="2026-07-05T04:21:03.9864920Z" end-time="2026-07-05T04:21:03.9864920Z" duration="0.000110" asserts="2" />
            <test-case id="1-1018" name="Subtract_PositiveInfinity_ReturnsFail" fullname="DDNCadAddins.Core.Tests.CalculatorServiceTests.Subtract_PositiveInfinity_ReturnsFail" methodname="Subtract_PositiveInfinity_ReturnsFail" classname="DDNCadAddins.Core.Tests.CalculatorServiceTests" runstate="Runnable" seed="1511158088" result="Passed" start-time="2026-07-05T04:21:03.9864920Z" end-time="2026-07-05T04:21:03.9864920Z" duration="0.000118" asserts="1" />
            <test-case id="1-1009" name="Subtract_PositiveNumbers_ReturnsDifference" fullname="DDNCadAddins.Core.Tests.CalculatorServiceTests.Subtract_PositiveNumbers_ReturnsDifference" methodname="Subtract_PositiveNumbers_ReturnsDifference" classname="DDNCadAddins.Core.Tests.CalculatorServiceTests" runstate="Runnable" seed="945399752" result="Passed" start-time="2026-07-05T04:21:03.9864920Z" end-time="2026-07-05T04:21:03.9864920Z" duration="0.000147" asserts="2" />
            <test-case id="1-1012" name="Subtract_PositiveNumbers_ReturnsPositive" fullname="DDNCadAddins.Core.Tests.CalculatorServiceTests.Subtract_PositiveNumbers_ReturnsPositive" methodname="Subtract_PositiveNumbers_ReturnsPositive" classname="DDNCadAddins.Core.Tests.CalculatorServiceTests" runstate="Runnable" seed="822595894" result="Passed" start-time="2026-07-05T04:21:03.9864920Z" end-time="2026-07-05T04:21:03.9864920Z" duration="0.000150" asserts="2" />
            <test-case id="1-1013" name="Subtract_SmallFromLarge_NegativeResult" fullname="DDNCadAddins.Core.Tests.CalculatorServiceTests.Subtract_SmallFromLarge_NegativeResult" methodname="Subtract_SmallFromLarge_NegativeResult" classname="DDNCadAddins.Core.Tests.CalculatorServiceTests" runstate="Runnable" seed="1530457505" result="Passed" start-time="2026-07-05T04:21:03.9864920Z" end-time="2026-07-05T04:21:03.9864920Z" duration="0.000118" asserts="2" />
            <test-case id="1-1016" name="Subtract_Zeros_ReturnsZero" fullname="DDNCadAddins.Core.Tests.CalculatorServiceTests.Subtract_Zeros_ReturnsZero" methodname="Subtract_Zeros_ReturnsZero" classname="DDNCadAddins.Core.Tests.CalculatorServiceTests" runstate="Runnable" seed="357645025" result="Passed" start-time="2026-07-05T04:21:03.9864920Z" end-time="2026-07-05T04:21:03.9876695Z" duration="0.000115" asserts="2" />
          </test-suite>
          <test-suite type="TestFixture" id="1-1086" name="ConstructorUtilsTests" fullname="DDNCadAddins.Core.Tests.ConstructorUtilsTests" classname="DDNCadAddins.Core.Tests.ConstructorUtilsTests" runstate="Runnable" testcasecount="9" result="Passed" start-time="2026-07-05T04:21:03.9876695Z" end-time="2026-07-05T04:21:04.0265897Z" duration="0.038858" total="9" passed="9" failed="0" warnings="0" inconclusive="0" skipped="0" asserts="18">
            <test-case id="1-1095" name="CreateWithParameters_EmptyListForDefaultConstructor_Succeeds" fullname="DDNCadAddins.Core.Tests.ConstructorUtilsTests.CreateWithParameters_EmptyListForDefaultConstructor_Succeeds" methodname="CreateWithParameters_EmptyListForDefaultConstructor_Succeeds" classname="DDNCadAddins.Core.Tests.ConstructorUtilsTests" runstate="Runnable" seed="747362474" result="Passed" start-time="2026-07-05T04:21:03.9876695Z" end-time="2026-07-05T04:21:03.9876695Z" duration="0.000676" asserts="1" />
            <test-case id="1-1093" name="CreateWithParameters_IncompatibleArgType_ReturnsNull" fullname="DDNCadAddins.Core.Tests.ConstructorUtilsTests.CreateWithParameters_IncompatibleArgType_ReturnsNull" methodname="CreateWithParameters_IncompatibleArgType_ReturnsNull" classname="DDNCadAddins.Core.Tests.ConstructorUtilsTests" runstate="Runnable" seed="979716539" result="Passed" start-time="2026-07-05T04:21:03.9876695Z" end-time="2026-07-05T04:21:04.0189416Z" duration="0.031729" asserts="1" />
            <test-case id="1-1090" name="CreateWithParameters_InheritedClass_ReturnsCorrectType" fullname="DDNCadAddins.Core.Tests.ConstructorUtilsTests.CreateWithParameters_InheritedClass_ReturnsCorrectType" methodname="CreateWithParameters_InheritedClass_ReturnsCorrectType" classname="DDNCadAddins.Core.Tests.ConstructorUtilsTests" runstate="Runnable" seed="1057800524" result="Passed" start-time="2026-07-05T04:21:04.0189416Z" end-time="2026-07-05T04:21:04.0245736Z" duration="0.004890" asserts="3" />
            <test-case id="1-1089" name="CreateWithParameters_MultipleArgs_SetsAllProperties" fullname="DDNCadAddins.Core.Tests.ConstructorUtilsTests.CreateWithParameters_MultipleArgs_SetsAllProperties" methodname="CreateWithParameters_MultipleArgs_SetsAllProperties" classname="DDNCadAddins.Core.Tests.ConstructorUtilsTests" runstate="Runnable" seed="543377355" result="Passed" start-time="2026-07-05T04:21:04.0245736Z" end-time="2026-07-05T04:21:04.0255813Z" duration="0.000513" asserts="5" />
            <test-case id="1-1087" name="CreateWithParameters_NoArgs_ReturnsInstance" fullname="DDNCadAddins.Core.Tests.ConstructorUtilsTests.CreateWithParameters_NoArgs_ReturnsInstance" methodname="CreateWithParameters_NoArgs_ReturnsInstance" classname="DDNCadAddins.Core.Tests.ConstructorUtilsTests" runstate="Runnable" seed="870006348" result="Passed" start-time="2026-07-05T04:21:04.0255813Z" end-time="2026-07-05T04:21:04.0255813Z" duration="0.000256" asserts="2" />
            <test-case id="1-1094" name="CreateWithParameters_NullInList_WhenArgIsReferenceType_ReturnsInstance" fullname="DDNCadAddins.Core.Tests.ConstructorUtilsTests.CreateWithParameters_NullInList_WhenArgIsReferenceType_ReturnsInstance" methodname="CreateWithParameters_NullInList_WhenArgIsReferenceType_ReturnsInstance" classname="DDNCadAddins.Core.Tests.ConstructorUtilsTests" runstate="Runnable" seed="2136504871" result="Passed" start-time="2026-07-05T04:21:04.0255813Z" end-time="2026-07-05T04:21:04.0255813Z" duration="0.000147" asserts="1" />
            <test-case id="1-1088" name="CreateWithParameters_SingleStringArg_SetsProperty" fullname="DDNCadAddins.Core.Tests.ConstructorUtilsTests.CreateWithParameters_SingleStringArg_SetsProperty" methodname="CreateWithParameters_SingleStringArg_SetsProperty" classname="DDNCadAddins.Core.Tests.ConstructorUtilsTests" runstate="Runnable" seed="259869027" result="Passed" start-time="2026-07-05T04:21:04.0255813Z" end-time="2026-07-05T04:21:04.0255813Z" duration="0.000184" asserts="3" />
            <test-case id="1-1092" name="CreateWithParameters_TooFewArgs_ReturnsNull" fullname="DDNCadAddins.Core.Tests.ConstructorUtilsTests.CreateWithParameters_TooFewArgs_ReturnsNull" methodname="CreateWithParameters_TooFewArgs_ReturnsNull" classname="DDNCadAddins.Core.Tests.ConstructorUtilsTests" runstate="Runnable" seed="1733733458" result="Passed" start-time="2026-07-05T04:21:04.0255813Z" end-time="2026-07-05T04:21:04.0255813Z" duration="0.000119" asserts="1" />
            <test-case id="1-1091" name="CreateWithParameters_TooManyArgs_ReturnsNull" fullname="DDNCadAddins.Core.Tests.ConstructorUtilsTests.CreateWithParameters_TooManyArgs_ReturnsNull" methodname="CreateWithParameters_TooManyArgs_ReturnsNull" classname="DDNCadAddins.Core.Tests.ConstructorUtilsTests" runstate="Runnable" seed="1261824020" result="Passed" start-time="2026-07-05T04:21:04.0255813Z" end-time="2026-07-05T04:21:04.0265897Z" duration="0.000111" asserts="1" />
          </test-suite>
          <test-suite type="TestFixture" id="1-1179" name="ContainmentResultTests" fullname="DDNCadAddins.Core.Tests.ContainmentResultTests" classname="DDNCadAddins.Core.Tests.ContainmentResultTests" runstate="Runnable" testcasecount="5" result="Passed" start-time="2026-07-05T04:21:04.0265897Z" end-time="2026-07-05T04:21:04.0347324Z" duration="0.008455" total="5" passed="5" failed="0" warnings="0" inconclusive="0" skipped="0" asserts="8">
            <test-case id="1-1184" name="AllValues_AreDistinct" fullname="DDNCadAddins.Core.Tests.ContainmentResultTests.AllValues_AreDistinct" methodname="AllValues_AreDistinct" classname="DDNCadAddins.Core.Tests.ContainmentResultTests" runstate="Runnable" seed="1463063374" result="Passed" start-time="2026-07-05T04:21:04.0265897Z" end-time="2026-07-05T04:21:04.0337231Z" duration="0.007880" asserts="4" />
            <test-case id="1-1180" name="Inside_HasValueZero" fullname="DDNCadAddins.Core.Tests.ContainmentResultTests.Inside_HasValueZero" methodname="Inside_HasValueZero" classname="DDNCadAddins.Core.Tests.ContainmentResultTests" runstate="Runnable" seed="633201974" result="Passed" start-time="2026-07-05T04:21:04.0337231Z" end-time="2026-07-05T04:21:04.0347324Z" duration="0.000154" asserts="1" />
            <test-case id="1-1183" name="Intersects_HasValueThree" fullname="DDNCadAddins.Core.Tests.ContainmentResultTests.Intersects_HasValueThree" methodname="Intersects_HasValueThree" classname="DDNCadAddins.Core.Tests.ContainmentResultTests" runstate="Runnable" seed="827424997" result="Passed" start-time="2026-07-05T04:21:04.0347324Z" end-time="2026-07-05T04:21:04.0347324Z" duration="0.000103" asserts="1" />
            <test-case id="1-1181" name="OnBoundary_HasValueOne" fullname="DDNCadAddins.Core.Tests.ContainmentResultTests.OnBoundary_HasValueOne" methodname="OnBoundary_HasValueOne" classname="DDNCadAddins.Core.Tests.ContainmentResultTests" runstate="Runnable" seed="69188006" result="Passed" start-time="2026-07-05T04:21:04.0347324Z" end-time="2026-07-05T04:21:04.0347324Z" duration="0.000083" asserts="1" />
            <test-case id="1-1182" name="Outside_HasValueTwo" fullname="DDNCadAddins.Core.Tests.ContainmentResultTests.Outside_HasValueTwo" methodname="Outside_HasValueTwo" classname="DDNCadAddins.Core.Tests.ContainmentResultTests" runstate="Runnable" seed="1047737637" result="Passed" start-time="2026-07-05T04:21:04.0347324Z" end-time="2026-07-05T04:21:04.0347324Z" duration="0.000076" asserts="1" />
          </test-suite>
          <test-suite type="TestFixture" id="1-1241" name="CropBoundaryTests" fullname="DDNCadAddins.Core.Tests.CropBoundaryTests" classname="DDNCadAddins.Core.Tests.CropBoundaryTests" runstate="Runnable" testcasecount="23" result="Passed" start-time="2026-07-05T04:21:04.0347324Z" end-time="2026-07-05T04:21:04.0508822Z" duration="0.016072" total="23" passed="23" failed="0" warnings="0" inconclusive="0" skipped="0" asserts="39">
            <test-case id="1-1251" name="Circle_BoundingBox_Correct" fullname="DDNCadAddins.Core.Tests.CropBoundaryTests.Circle_BoundingBox_Correct" methodname="Circle_BoundingBox_Correct" classname="DDNCadAddins.Core.Tests.CropBoundaryTests" runstate="Runnable" seed="876365754" result="Passed" start-time="2026-07-05T04:21:04.0347324Z" end-time="2026-07-05T04:21:04.0357410Z" duration="0.000617" asserts="4" />
            <test-case id="1-1248" name="Circle_ClassifyBoundingBox_Inside_ReturnsInside" fullname="DDNCadAddins.Core.Tests.CropBoundaryTests.Circle_ClassifyBoundingBox_Inside_ReturnsInside" methodname="Circle_ClassifyBoundingBox_Inside_ReturnsInside" classname="DDNCadAddins.Core.Tests.CropBoundaryTests" runstate="Runnable" seed="109840602" result="Passed" start-time="2026-07-05T04:21:04.0357410Z" end-time="2026-07-05T04:21:04.0357410Z" duration="0.000640" asserts="1" />
            <test-case id="1-1250" name="Circle_ClassifyBoundingBox_Intersects_ReturnsIntersects" fullname="DDNCadAddins.Core.Tests.CropBoundaryTests.Circle_ClassifyBoundingBox_Intersects_ReturnsIntersects" methodname="Circle_ClassifyBoundingBox_Intersects_ReturnsIntersects" classname="DDNCadAddins.Core.Tests.CropBoundaryTests" runstate="Runnable" seed="194633650" result="Passed" start-time="2026-07-05T04:21:04.0357410Z" end-time="2026-07-05T04:21:04.0357410Z" duration="0.000163" asserts="1" />
            <test-case id="1-1249" name="Circle_ClassifyBoundingBox_Outside_ReturnsOutside" fullname="DDNCadAddins.Core.Tests.CropBoundaryTests.Circle_ClassifyBoundingBox_Outside_ReturnsOutside" methodname="Circle_ClassifyBoundingBox_Outside_ReturnsOutside" classname="DDNCadAddins.Core.Tests.CropBoundaryTests" runstate="Runnable" seed="583639802" result="Passed" start-time="2026-07-05T04:21:04.0357410Z" end-time="2026-07-05T04:21:04.0367525Z" duration="0.000294" asserts="1" />
            <test-case id="1-1247" name="Circle_FindLineIntersections_NoIntersection_ReturnsEmpty" fullname="DDNCadAddins.Core.Tests.CropBoundaryTests.Circle_FindLineIntersections_NoIntersection_ReturnsEmpty" methodname="Circle_FindLineIntersections_NoIntersection_ReturnsEmpty" classname="DDNCadAddins.Core.Tests.CropBoundaryTests" runstate="Runnable" seed="838043001" result="Passed" start-time="2026-07-05T04:21:04.0367525Z" end-time="2026-07-05T04:21:04.0387654Z" duration="0.002203" asserts="1" />
            <test-case id="1-1246" name="Circle_FindLineIntersections_Tangent_ReturnsOne" fullname="DDNCadAddins.Core.Tests.CropBoundaryTests.Circle_FindLineIntersections_Tangent_ReturnsOne" methodname="Circle_FindLineIntersections_Tangent_ReturnsOne" classname="DDNCadAddins.Core.Tests.CropBoundaryTests" runstate="Runnable" seed="383838173" result="Passed" start-time="2026-07-05T04:21:04.0387654Z" end-time="2026-07-05T04:21:04.0397678Z" duration="0.001399" asserts="2" />
            <test-case id="1-1245" name="Circle_FindLineIntersections_ThroughCenter_ReturnsTwo" fullname="DDNCadAddins.Core.Tests.CropBoundaryTests.Circle_FindLineIntersections_ThroughCenter_ReturnsTwo" methodname="Circle_FindLineIntersections_ThroughCenter_ReturnsTwo" classname="DDNCadAddins.Core.Tests.CropBoundaryTests" runstate="Runnable" seed="210513711" result="Passed" start-time="2026-07-05T04:21:04.0397678Z" end-time="2026-07-05T04:21:04.0422839Z" duration="0.002410" asserts="3" />
            <test-case id="1-1242" name="Circle_IsPointInside_Center_ReturnsTrue" fullname="DDNCadAddins.Core.Tests.CropBoundaryTests.Circle_IsPointInside_Center_ReturnsTrue" methodname="Circle_IsPointInside_Center_ReturnsTrue" classname="DDNCadAddins.Core.Tests.CropBoundaryTests" runstate="Runnable" seed="379932401" result="Passed" start-time="2026-07-05T04:21:04.0422839Z" end-time="2026-07-05T04:21:04.0422839Z" duration="0.000181" asserts="1" />
            <test-case id="1-1243" name="Circle_IsPointInside_OnEdge_ReturnsTrue" fullname="DDNCadAddins.Core.Tests.CropBoundaryTests.Circle_IsPointInside_OnEdge_ReturnsTrue" methodname="Circle_IsPointInside_OnEdge_ReturnsTrue" classname="DDNCadAddins.Core.Tests.CropBoundaryTests" runstate="Runnable" seed="20238532" result="Passed" start-time="2026-07-05T04:21:04.0422839Z" end-time="2026-07-05T04:21:04.0432941Z" duration="0.000229" asserts="4" />
            <test-case id="1-1244" name="Circle_IsPointInside_Outside_ReturnsFalse" fullname="DDNCadAddins.Core.Tests.CropBoundaryTests.Circle_IsPointInside_Outside_ReturnsFalse" methodname="Circle_IsPointInside_Outside_ReturnsFalse" classname="DDNCadAddins.Core.Tests.CropBoundaryTests" runstate="Runnable" seed="357000722" result="Passed" start-time="2026-07-05T04:21:04.0432941Z" end-time="2026-07-05T04:21:04.0432941Z" duration="0.000187" asserts="3" />
            <test-case id="1-1257" name="Ellipse_ClassifyBoundingBox_Inside_ReturnsInside" fullname="DDNCadAddins.Core.Tests.CropBoundaryTests.Ellipse_ClassifyBoundingBox_Inside_ReturnsInside" methodname="Ellipse_ClassifyBoundingBox_Inside_ReturnsInside" classname="DDNCadAddins.Core.Tests.CropBoundaryTests" runstate="Runnable" seed="1748940309" result="Passed" start-time="2026-07-05T04:21:04.0432941Z" end-time="2026-07-05T04:21:04.0443040Z" duration="0.001047" asserts="1" />
            <test-case id="1-1258" name="Ellipse_ClassifyBoundingBox_Outside_ReturnsOutside" fullname="DDNCadAddins.Core.Tests.CropBoundaryTests.Ellipse_ClassifyBoundingBox_Outside_ReturnsOutside" methodname="Ellipse_ClassifyBoundingBox_Outside_ReturnsOutside" classname="DDNCadAddins.Core.Tests.CropBoundaryTests" runstate="Runnable" seed="1423397618" result="Passed" start-time="2026-07-05T04:21:04.0443040Z" end-time="2026-07-05T04:21:04.0443040Z" duration="0.000311" asserts="1" />
            <test-case id="1-1256" name="Ellipse_FindLineIntersections_PartialEntry_ReturnsOne" fullname="DDNCadAddins.Core.Tests.CropBoundaryTests.Ellipse_FindLineIntersections_PartialEntry_ReturnsOne" methodname="Ellipse_FindLineIntersections_PartialEntry_ReturnsOne" classname="DDNCadAddins.Core.Tests.CropBoundaryTests" runstate="Runnable" seed="147863088" result="Passed" start-time="2026-07-05T04:21:04.0443040Z" end-time="2026-07-05T04:21:04.0453122Z" duration="0.001299" asserts="1" />
            <test-case id="1-1255" name="Ellipse_FindLineIntersections_ThroughCenter_ReturnsTwo" fullname="DDNCadAddins.Core.Tests.CropBoundaryTests.Ellipse_FindLineIntersections_ThroughCenter_ReturnsTwo" methodname="Ellipse_FindLineIntersections_ThroughCenter_ReturnsTwo" classname="DDNCadAddins.Core.Tests.CropBoundaryTests" runstate="Runnable" seed="1182572203" result="Passed" start-time="2026-07-05T04:21:04.0463430Z" end-time="2026-07-05T04:21:04.0463430Z" duration="0.000501" asserts="3" />
            <test-case id="1-1252" name="Ellipse_IsPointInside_Center_ReturnsTrue" fullname="DDNCadAddins.Core.Tests.CropBoundaryTests.Ellipse_IsPointInside_Center_ReturnsTrue" methodname="Ellipse_IsPointInside_Center_ReturnsTrue" classname="DDNCadAddins.Core.Tests.CropBoundaryTests" runstate="Runnable" seed="1649977287" result="Passed" start-time="2026-07-05T04:21:04.0463430Z" end-time="2026-07-05T04:21:04.0463430Z" duration="0.000153" asserts="1" />
            <test-case id="1-1253" name="Ellipse_IsPointInside_VertexInside_ReturnsTrue" fullname="DDNCadAddins.Core.Tests.CropBoundaryTests.Ellipse_IsPointInside_VertexInside_ReturnsTrue" methodname="Ellipse_IsPointInside_VertexInside_ReturnsTrue" classname="DDNCadAddins.Core.Tests.CropBoundaryTests" runstate="Runnable" seed="1263957512" result="Passed" start-time="2026-07-05T04:21:04.0463430Z" end-time="2026-07-05T04:21:04.0473532Z" duration="0.001247" asserts="1" />
            <test-case id="1-1254" name="Ellipse_IsPointInside_VertexOutside_ReturnsFalse" fullname="DDNCadAddins.Core.Tests.CropBoundaryTests.Ellipse_IsPointInside_VertexOutside_ReturnsFalse" methodname="Ellipse_IsPointInside_VertexOutside_ReturnsFalse" classname="DDNCadAddins.Core.Tests.CropBoundaryTests" runstate="Runnable" seed="567934224" result="Passed" start-time="2026-07-05T04:21:04.0473532Z" end-time="2026-07-05T04:21:04.0483649Z" duration="0.000114" asserts="1" />
            <test-case id="1-1261" name="Ellipse_Rotated_FindLineIntersections_AlongMajorAxis_ReturnsTwo" fullname="DDNCadAddins.Core.Tests.CropBoundaryTests.Ellipse_Rotated_FindLineIntersections_AlongMajorAxis_ReturnsTwo" methodname="Ellipse_Rotated_FindLineIntersections_AlongMajorAxis_ReturnsTwo" classname="DDNCadAddins.Core.Tests.CropBoundaryTests" runstate="Runnable" seed="1583191594" result="Passed" start-time="2026-07-05T04:21:04.0483649Z" end-time="2026-07-05T04:21:04.0483649Z" duration="0.000362" asserts="1" />
            <test-case id="1-1259" name="Ellipse_Rotated_IsPointInside_EndOfMajorAxis_ReturnsTrue" fullname="DDNCadAddins.Core.Tests.CropBoundaryTests.Ellipse_Rotated_IsPointInside_EndOfMajorAxis_ReturnsTrue" methodname="Ellipse_Rotated_IsPointInside_EndOfMajorAxis_ReturnsTrue" classname="DDNCadAddins.Core.Tests.CropBoundaryTests" runstate="Runnable" seed="1407726494" result="Passed" start-time="2026-07-05T04:21:04.0483649Z" end-time="2026-07-05T04:21:04.0483649Z" duration="0.000128" asserts="1" />
            <test-case id="1-1260" name="Ellipse_Rotated_IsPointInside_EndOfMinorAxis_ReturnsTrue" fullname="DDNCadAddins.Core.Tests.CropBoundaryTests.Ellipse_Rotated_IsPointInside_EndOfMinorAxis_ReturnsTrue" methodname="Ellipse_Rotated_IsPointInside_EndOfMinorAxis_ReturnsTrue" classname="DDNCadAddins.Core.Tests.CropBoundaryTests" runstate="Runnable" seed="1108840290" result="Passed" start-time="2026-07-05T04:21:04.0483649Z" end-time="2026-07-05T04:21:04.0483649Z" duration="0.000112" asserts="1" />
            <test-case id="1-1264" name="Polygon_BoundingBox_Correct" fullname="DDNCadAddins.Core.Tests.CropBoundaryTests.Polygon_BoundingBox_Correct" methodname="Polygon_BoundingBox_Correct" classname="DDNCadAddins.Core.Tests.CropBoundaryTests" runstate="Runnable" seed="1267428767" result="Passed" start-time="2026-07-05T04:21:04.0483649Z" end-time="2026-07-05T04:21:04.0497700Z" duration="0.001068" asserts="4" />
            <test-case id="1-1263" name="Polygon_IsPointInside_Outside_ReturnsFalse" fullname="DDNCadAddins.Core.Tests.CropBoundaryTests.Polygon_IsPointInside_Outside_ReturnsFalse" methodname="Polygon_IsPointInside_Outside_ReturnsFalse" classname="DDNCadAddins.Core.Tests.CropBoundaryTests" runstate="Runnable" seed="902947849" result="Passed" start-time="2026-07-05T04:21:04.0497700Z" end-time="2026-07-05T04:21:04.0508822Z" duration="0.000827" asserts="1" />
            <test-case id="1-1262" name="Polygon_IsPointInside_RectangleCenter_ReturnsTrue" fullname="DDNCadAddins.Core.Tests.CropBoundaryTests.Polygon_IsPointInside_RectangleCenter_ReturnsTrue" methodname="Polygon_IsPointInside_RectangleCenter_ReturnsTrue" classname="DDNCadAddins.Core.Tests.CropBoundaryTests" runstate="Runnable" seed="1615188358" result="Passed" start-time="2026-07-05T04:21:04.0508822Z" end-time="2026-07-05T04:21:04.0508822Z" duration="0.000219" asserts="1" />
          </test-suite>
          <test-suite type="TestFixture" id="1-1208" name="CropGeometryServiceTests" fullname="DDNCadAddins.Core.Tests.CropGeometryServiceTests" classname="DDNCadAddins.Core.Tests.CropGeometryServiceTests" runstate="Runnable" testcasecount="32" result="Passed" start-time="2026-07-05T04:21:04.0508822Z" end-time="2026-07-05T04:21:04.0614900Z" duration="0.010651" total="32" passed="32" failed="0" warnings="0" inconclusive="0" skipped="0" asserts="45">
            <test-case id="1-1227" name="ClassifyBoundingBox_BoxCoveringPolygon_ReturnsIntersects" fullname="DDNCadAddins.Core.Tests.CropGeometryServiceTests.ClassifyBoundingBox_BoxCoveringPolygon_ReturnsIntersects" methodname="ClassifyBoundingBox_BoxCoveringPolygon_ReturnsIntersects" classname="DDNCadAddins.Core.Tests.CropGeometryServiceTests" runstate="Runnable" seed="131067710" result="Passed" start-time="2026-07-05T04:21:04.0508822Z" end-time="2026-07-05T04:21:04.0518863Z" duration="0.001109" asserts="1" />
            <test-case id="1-1232" name="ClassifyBoundingBox_BoxExactlyOnEdge_ReturnsOnBoundary" fullname="DDNCadAddins.Core.Tests.CropGeometryServiceTests.ClassifyBoundingBox_BoxExactlyOnEdge_ReturnsOnBoundary" methodname="ClassifyBoundingBox_BoxExactlyOnEdge_ReturnsOnBoundary" classname="DDNCadAddins.Core.Tests.CropGeometryServiceTests" runstate="Runnable" seed="1284450366" result="Passed" start-time="2026-07-05T04:21:04.0518863Z" end-time="2026-07-05T04:21:04.0518863Z" duration="0.000292" asserts="1" />
            <test-case id="1-1224" name="ClassifyBoundingBox_BoxInside_ReturnsInside" fullname="DDNCadAddins.Core.Tests.CropGeometryServiceTests.ClassifyBoundingBox_BoxInside_ReturnsInside" methodname="ClassifyBoundingBox_BoxInside_ReturnsInside" classname="DDNCadAddins.Core.Tests.CropGeometryServiceTests" runstate="Runnable" seed="1234289238" result="Passed" start-time="2026-07-05T04:21:04.0518863Z" end-time="2026-07-05T04:21:04.0528919Z" duration="0.000158" asserts="1" />
            <test-case id="1-1233" name="ClassifyBoundingBox_BoxInsideTouchingAllSides_ReturnsInside" fullname="DDNCadAddins.Core.Tests.CropGeometryServiceTests.ClassifyBoundingBox_BoxInsideTouchingAllSides_ReturnsInside" methodname="ClassifyBoundingBox_BoxInsideTouchingAllSides_ReturnsInside" classname="DDNCadAddins.Core.Tests.CropGeometryServiceTests" runstate="Runnable" seed="724035858" result="Passed" start-time="2026-07-05T04:21:04.0528919Z" end-time="2026-07-05T04:21:04.0528919Z" duration="0.000140" asserts="1" />
            <test-case id="1-1226" name="ClassifyBoundingBox_BoxIntersecting_ReturnsIntersects" fullname="DDNCadAddins.Core.Tests.CropGeometryServiceTests.ClassifyBoundingBox_BoxIntersecting_ReturnsIntersects" methodname="ClassifyBoundingBox_BoxIntersecting_ReturnsIntersects" classname="DDNCadAddins.Core.Tests.CropGeometryServiceTests" runstate="Runnable" seed="1522437670" result="Passed" start-time="2026-07-05T04:21:04.0528919Z" end-time="2026-07-05T04:21:04.0528919Z" duration="0.000131" asserts="1" />
            <test-case id="1-1225" name="ClassifyBoundingBox_BoxOutside_ReturnsOutside" fullname="DDNCadAddins.Core.Tests.CropGeometryServiceTests.ClassifyBoundingBox_BoxOutside_ReturnsOutside" methodname="ClassifyBoundingBox_BoxOutside_ReturnsOutside" classname="DDNCadAddins.Core.Tests.CropGeometryServiceTests" runstate="Runnable" seed="81855542" result="Passed" start-time="2026-07-05T04:21:04.0528919Z" end-time="2026-07-05T04:21:04.0549126Z" duration="0.001936" asserts="1" />
            <test-case id="1-1234" name="ClassifyBoundingBox_NegativeSpace_ReturnsOutside" fullname="DDNCadAddins.Core.Tests.CropGeometryServiceTests.ClassifyBoundingBox_NegativeSpace_ReturnsOutside" methodname="ClassifyBoundingBox_NegativeSpace_ReturnsOutside" classname="DDNCadAddins.Core.Tests.CropGeometryServiceTests" runstate="Runnable" seed="1306825083" result="Passed" start-time="2026-07-05T04:21:04.0549126Z" end-time="2026-07-05T04:21:04.0549126Z" duration="0.000170" asserts="1" />
            <test-case id="1-1229" name="FindLineSegmentIntersections_Collinear_FullyInsideEdge_ReturnsTwoEndpoints" fullname="DDNCadAddins.Core.Tests.CropGeometryServiceTests.FindLineSegmentIntersections_Collinear_FullyInsideEdge_ReturnsTwoEndpoints" methodname="FindLineSegmentIntersections_Collinear_FullyInsideEdge_ReturnsTwoEndpoints" classname="DDNCadAddins.Core.Tests.CropGeometryServiceTests" runstate="Runnable" seed="811036153" result="Passed" start-time="2026-07-05T04:21:04.0549126Z" end-time="2026-07-05T04:21:04.0559206Z" duration="0.001341" asserts="3" />
            <test-case id="1-1230" name="FindLineSegmentIntersections_Collinear_JustTouchingAtEndpoint_ReturnsOnePoint" fullname="DDNCadAddins.Core.Tests.CropGeometryServiceTests.FindLineSegmentIntersections_Collinear_JustTouchingAtEndpoint_ReturnsOnePoint" methodname="FindLineSegmentIntersections_Collinear_JustTouchingAtEndpoint_ReturnsOnePoint" classname="DDNCadAddins.Core.Tests.CropGeometryServiceTests" runstate="Runnable" seed="1019424312" result="Passed" start-time="2026-07-05T04:21:04.0559206Z" end-time="2026-07-05T04:21:04.0569259Z" duration="0.000312" asserts="2" />
            <test-case id="1-1231" name="FindLineSegmentIntersections_CollinearNoOverlap_ReturnsEmpty" fullname="DDNCadAddins.Core.Tests.CropGeometryServiceTests.FindLineSegmentIntersections_CollinearNoOverlap_ReturnsEmpty" methodname="FindLineSegmentIntersections_CollinearNoOverlap_ReturnsEmpty" classname="DDNCadAddins.Core.Tests.CropGeometryServiceTests" runstate="Runnable" seed="626162605" result="Passed" start-time="2026-07-05T04:21:04.0569259Z" end-time="2026-07-05T04:21:04.0569259Z" duration="0.000252" asserts="1" />
            <test-case id="1-1228" name="FindLineSegmentIntersections_CollinearOverlap_PartialOverlap_ReturnsOverlapEndpoints" fullname="DDNCadAddins.Core.Tests.CropGeometryServiceTests.FindLineSegmentIntersections_CollinearOverlap_PartialOverlap_ReturnsOverlapEndpoints" methodname="FindLineSegmentIntersections_CollinearOverlap_PartialOverlap_ReturnsOverlapEndpoints" classname="DDNCadAddins.Core.Tests.CropGeometryServiceTests" runstate="Runnable" seed="364761215" result="Passed" start-time="2026-07-05T04:21:04.0569259Z" end-time="2026-07-05T04:21:04.0569259Z" duration="0.000480" asserts="3" />
            <test-case id="1-1239" name="FindLineSegmentIntersections_EllipseBoundary_CrossingSegment_ReturnsOneIntersection" fullname="DDNCadAddins.Core.Tests.CropGeometryServiceTests.FindLineSegmentIntersections_EllipseBoundary_CrossingSegment_ReturnsOneIntersection" methodname="FindLineSegmentIntersections_EllipseBoundary_CrossingSegment_ReturnsOneIntersection" classname="DDNCadAddins.Core.Tests.CropGeometryServiceTests" runstate="Runnable" seed="1967680158" result="Passed" start-time="2026-07-05T04:21:04.0569259Z" end-time="2026-07-05T04:21:04.0569259Z" duration="0.000366" asserts="1" />
            <test-case id="1-1240" name="FindLineSegmentIntersections_EllipseBoundary_ThroughSegment_ReturnsTwoIntersections" fullname="DDNCadAddins.Core.Tests.CropGeometryServiceTests.FindLineSegmentIntersections_EllipseBoundary_ThroughSegment_ReturnsTwoIntersections" methodname="FindLineSegmentIntersections_EllipseBoundary_ThroughSegment_ReturnsTwoIntersections" classname="DDNCadAddins.Core.Tests.CropGeometryServiceTests" runstate="Runnable" seed="633654117" result="Passed" start-time="2026-07-05T04:21:04.0569259Z" end-time="2026-07-05T04:21:04.0569259Z" duration="0.000207" asserts="1" />
            <test-case id="1-1222" name="FindLineSegmentIntersections_LineOutsideRect_ReturnsEmpty" fullname="DDNCadAddins.Core.Tests.CropGeometryServiceTests.FindLineSegmentIntersections_LineOutsideRect_ReturnsEmpty" methodname="FindLineSegmentIntersections_LineOutsideRect_ReturnsEmpty" classname="DDNCadAddins.Core.Tests.CropGeometryServiceTests" runstate="Runnable" seed="1495049853" result="Passed" start-time="2026-07-05T04:21:04.0584294Z" end-time="2026-07-05T04:21:04.0584294Z" duration="0.000165" asserts="1" />
            <test-case id="1-1221" name="FindLineSegmentIntersections_LineThroughRect_ReturnsTwoPoints" fullname="DDNCadAddins.Core.Tests.CropGeometryServiceTests.FindLineSegmentIntersections_LineThroughRect_ReturnsTwoPoints" methodname="FindLineSegmentIntersections_LineThroughRect_ReturnsTwoPoints" classname="DDNCadAddins.Core.Tests.CropGeometryServiceTests" runstate="Runnable" seed="1531712974" result="Passed" start-time="2026-07-05T04:21:04.0584294Z" end-time="2026-07-05T04:21:04.0584294Z" duration="0.000157" asserts="1" />
            <test-case id="1-1223" name="FindLineSegmentIntersections_LineTouchingEdge_ReturnsOnePoint" fullname="DDNCadAddins.Core.Tests.CropGeometryServiceTests.FindLineSegmentIntersections_LineTouchingEdge_ReturnsOnePoint" methodname="FindLineSegmentIntersections_LineTouchingEdge_ReturnsOnePoint" classname="DDNCadAddins.Core.Tests.CropGeometryServiceTests" runstate="Runnable" seed="1987244814" result="Passed" start-time="2026-07-05T04:21:04.0584294Z" end-time="2026-07-05T04:21:04.0584294Z" duration="0.000218" asserts="3" />
            <test-case id="1-1236" name="IsPointInPolygon_EllipseBoundary_CenterPoint_ReturnsTrue" fullname="DDNCadAddins.Core.Tests.CropGeometryServiceTests.IsPointInPolygon_EllipseBoundary_CenterPoint_ReturnsTrue" methodname="IsPointInPolygon_EllipseBoundary_CenterPoint_ReturnsTrue" classname="DDNCadAddins.Core.Tests.CropGeometryServiceTests" runstate="Runnable" seed="113307450" result="Passed" start-time="2026-07-05T04:21:04.0584294Z" end-time="2026-07-05T04:21:04.0584294Z" duration="0.000240" asserts="1" />
            <test-case id="1-1237" name="IsPointInPolygon_EllipseBoundary_VertexInside_ReturnsTrue" fullname="DDNCadAddins.Core.Tests.CropGeometryServiceTests.IsPointInPolygon_EllipseBoundary_VertexInside_ReturnsTrue" methodname="IsPointInPolygon_EllipseBoundary_VertexInside_ReturnsTrue" classname="DDNCadAddins.Core.Tests.CropGeometryServiceTests" runstate="Runnable" seed="1995380056" result="Passed" start-time="2026-07-05T04:21:04.0584294Z" end-time="2026-07-05T04:21:04.0584294Z" duration="0.000150" asserts="1" />
            <test-case id="1-1238" name="IsPointInPolygon_EllipseBoundary_VertexOutside_ReturnsFalse" fullname="DDNCadAddins.Core.Tests.CropGeometryServiceTests.IsPointInPolygon_EllipseBoundary_VertexOutside_ReturnsFalse" methodname="IsPointInPolygon_EllipseBoundary_VertexOutside_ReturnsFalse" classname="DDNCadAddins.Core.Tests.CropGeometryServiceTests" runstate="Runnable" seed="1991124501" result="Passed" start-time="2026-07-05T04:21:04.0584294Z" end-time="2026-07-05T04:21:04.0594388Z" duration="0.000205" asserts="1" />
            <test-case id="1-1209" name="IsPointInPolygon_PointInside_ReturnsTrue" fullname="DDNCadAddins.Core.Tests.CropGeometryServiceTests.IsPointInPolygon_PointInside_ReturnsTrue" methodname="IsPointInPolygon_PointInside_ReturnsTrue" classname="DDNCadAddins.Core.Tests.CropGeometryServiceTests" runstate="Runnable" seed="919476813" result="Passed" start-time="2026-07-05T04:21:04.0594388Z" end-time="2026-07-05T04:21:04.0594388Z" duration="0.000106" asserts="1" />
            <test-case id="1-1213" name="IsPointInPolygon_PointLeftOfRect_ReturnsFalse" fullname="DDNCadAddins.Core.Tests.CropGeometryServiceTests.IsPointInPolygon_PointLeftOfRect_ReturnsFalse" methodname="IsPointInPolygon_PointLeftOfRect_ReturnsFalse" classname="DDNCadAddins.Core.Tests.CropGeometryServiceTests" runstate="Runnable" seed="1133799311" result="Passed" start-time="2026-07-05T04:21:04.0594388Z" end-time="2026-07-05T04:21:04.0594388Z" duration="0.000108" asserts="1" />
            <test-case id="1-1212" name="IsPointInPolygon_PointOnCorner_ReturnsTrue" fullname="DDNCadAddins.Core.Tests.CropGeometryServiceTests.IsPointInPolygon_PointOnCorner_ReturnsTrue" methodname="IsPointInPolygon_PointOnCorner_ReturnsTrue" classname="DDNCadAddins.Core.Tests.CropGeometryServiceTests" runstate="Runnable" seed="1431099103" result="Passed" start-time="2026-07-05T04:21:04.0594388Z" end-time="2026-07-05T04:21:04.0594388Z" duration="0.000126" asserts="1" />
            <test-case id="1-1211" name="IsPointInPolygon_PointOnEdge_ReturnsTrue" fullname="DDNCadAddins.Core.Tests.CropGeometryServiceTests.IsPointInPolygon_PointOnEdge_ReturnsTrue" methodname="IsPointInPolygon_PointOnEdge_ReturnsTrue" classname="DDNCadAddins.Core.Tests.CropGeometryServiceTests" runstate="Runnable" seed="200341933" result="Passed" start-time="2026-07-05T04:21:04.0594388Z" end-time="2026-07-05T04:21:04.0594388Z" duration="0.000101" asserts="1" />
            <test-case id="1-1210" name="IsPointInPolygon_PointOutside_ReturnsFalse" fullname="DDNCadAddins.Core.Tests.CropGeometryServiceTests.IsPointInPolygon_PointOutside_ReturnsFalse" methodname="IsPointInPolygon_PointOutside_ReturnsFalse" classname="DDNCadAddins.Core.Tests.CropGeometryServiceTests" runstate="Runnable" seed="927817130" result="Passed" start-time="2026-07-05T04:21:04.0594388Z" end-time="2026-07-05T04:21:04.0594388Z" duration="0.000118" asserts="1" />
            <test-case id="1-1215" name="IsPointInPolygon_Triangle_PointInside_ReturnsTrue" fullname="DDNCadAddins.Core.Tests.CropGeometryServiceTests.IsPointInPolygon_Triangle_PointInside_ReturnsTrue" methodname="IsPointInPolygon_Triangle_PointInside_ReturnsTrue" classname="DDNCadAddins.Core.Tests.CropGeometryServiceTests" runstate="Runnable" seed="706620266" result="Passed" start-time="2026-07-05T04:21:04.0594388Z" end-time="2026-07-05T04:21:04.0594388Z" duration="0.000206" asserts="1" />
            <test-case id="1-1216" name="IsPointInPolygon_Triangle_PointOutside_ReturnsFalse" fullname="DDNCadAddins.Core.Tests.CropGeometryServiceTests.IsPointInPolygon_Triangle_PointOutside_ReturnsFalse" methodname="IsPointInPolygon_Triangle_PointOutside_ReturnsFalse" classname="DDNCadAddins.Core.Tests.CropGeometryServiceTests" runstate="Runnable" seed="34631897" result="Passed" start-time="2026-07-05T04:21:04.0594388Z" end-time="2026-07-05T04:21:04.0604486Z" duration="0.000211" asserts="1" />
            <test-case id="1-1214" name="IsPointInPolygon_ZeroPolygon_ReturnsFalse" fullname="DDNCadAddins.Core.Tests.CropGeometryServiceTests.IsPointInPolygon_ZeroPolygon_ReturnsFalse" methodname="IsPointInPolygon_ZeroPolygon_ReturnsFalse" classname="DDNCadAddins.Core.Tests.CropGeometryServiceTests" runstate="Runnable" seed="525749548" result="Passed" start-time="2026-07-05T04:21:04.0604486Z" end-time="2026-07-05T04:21:04.0604486Z" duration="0.000121" asserts="1" />
            <test-case id="1-1235" name="SortPointsAlongLine_UnsortedPoints_ReturnsSorted" fullname="DDNCadAddins.Core.Tests.CropGeometryServiceTests.SortPointsAlongLine_UnsortedPoints_ReturnsSorted" methodname="SortPointsAlongLine_UnsortedPoints_ReturnsSorted" classname="DDNCadAddins.Core.Tests.CropGeometryServiceTests" runstate="Runnable" seed="1086313760" result="Passed" start-time="2026-07-05T04:21:04.0604486Z" end-time="2026-07-05T04:21:04.0604486Z" duration="0.000307" asserts="3" />
            <test-case id="1-1217" name="TryGetSegmentIntersection_Crossing_ReturnsTrue" fullname="DDNCadAddins.Core.Tests.CropGeometryServiceTests.TryGetSegmentIntersection_Crossing_ReturnsTrue" methodname="TryGetSegmentIntersection_Crossing_ReturnsTrue" classname="DDNCadAddins.Core.Tests.CropGeometryServiceTests" runstate="Runnable" seed="1744800064" result="Passed" start-time="2026-07-05T04:21:04.0604486Z" end-time="2026-07-05T04:21:04.0604486Z" duration="0.000199" asserts="3" />
            <test-case id="1-1220" name="TryGetSegmentIntersection_EndpointsTouching_ReturnsTrue" fullname="DDNCadAddins.Core.Tests.CropGeometryServiceTests.TryGetSegmentIntersection_EndpointsTouching_ReturnsTrue" methodname="TryGetSegmentIntersection_EndpointsTouching_ReturnsTrue" classname="DDNCadAddins.Core.Tests.CropGeometryServiceTests" runstate="Runnable" seed="599835713" result="Passed" start-time="2026-07-05T04:21:04.0604486Z" end-time="2026-07-05T04:21:04.0614900Z" duration="0.000200" asserts="3" />
            <test-case id="1-1219" name="TryGetSegmentIntersection_NotIntersecting_ReturnsFalse" fullname="DDNCadAddins.Core.Tests.CropGeometryServiceTests.TryGetSegmentIntersection_NotIntersecting_ReturnsFalse" methodname="TryGetSegmentIntersection_NotIntersecting_ReturnsFalse" classname="DDNCadAddins.Core.Tests.CropGeometryServiceTests" runstate="Runnable" seed="1311304080" result="Passed" start-time="2026-07-05T04:21:04.0614900Z" end-time="2026-07-05T04:21:04.0614900Z" duration="0.000160" asserts="1" />
            <test-case id="1-1218" name="TryGetSegmentIntersection_Parallel_ReturnsFalse" fullname="DDNCadAddins.Core.Tests.CropGeometryServiceTests.TryGetSegmentIntersection_Parallel_ReturnsFalse" methodname="TryGetSegmentIntersection_Parallel_ReturnsFalse" classname="DDNCadAddins.Core.Tests.CropGeometryServiceTests" runstate="Runnable" seed="626205525" result="Passed" start-time="2026-07-05T04:21:04.0614900Z" end-time="2026-07-05T04:21:04.0614900Z" duration="0.000141" asserts="1" />
          </test-suite>
          <test-suite type="TestFixture" id="1-1280" name="CurveSamplerTests" fullname="DDNCadAddins.Core.Tests.CurveSamplerTests" classname="DDNCadAddins.Core.Tests.CurveSamplerTests" runstate="Runnable" testcasecount="18" result="Passed" start-time="2026-07-05T04:21:04.0614900Z" end-time="2026-07-05T04:21:04.0721929Z" duration="0.011274" total="18" passed="18" failed="0" warnings="0" inconclusive="0" skipped="0" asserts="145">
            <test-case id="1-1295" name="ClosePolygon_AlreadyClosed_NotChanged" fullname="DDNCadAddins.Core.Tests.CurveSamplerTests.ClosePolygon_AlreadyClosed_NotChanged" methodname="ClosePolygon_AlreadyClosed_NotChanged" classname="DDNCadAddins.Core.Tests.CurveSamplerTests" runstate="Runnable" seed="579324993" result="Passed" start-time="2026-07-05T04:21:04.0614900Z" end-time="2026-07-05T04:21:04.0635012Z" duration="0.002938" asserts="1" />
            <test-case id="1-1296" name="ClosePolygon_FewerThan3_NotChanged" fullname="DDNCadAddins.Core.Tests.CurveSamplerTests.ClosePolygon_FewerThan3_NotChanged" methodname="ClosePolygon_FewerThan3_NotChanged" classname="DDNCadAddins.Core.Tests.CurveSamplerTests" runstate="Runnable" seed="998609592" result="Passed" start-time="2026-07-05T04:21:04.0635012Z" end-time="2026-07-05T04:21:04.0650024Z" duration="0.000264" asserts="1" />
            <test-case id="1-1294" name="ClosePolygon_NotClosed_AddsFirstPoint" fullname="DDNCadAddins.Core.Tests.CurveSamplerTests.ClosePolygon_NotClosed_AddsFirstPoint" methodname="ClosePolygon_NotClosed_AddsFirstPoint" classname="DDNCadAddins.Core.Tests.CurveSamplerTests" runstate="Runnable" seed="808949625" result="Passed" start-time="2026-07-05T04:21:04.0650024Z" end-time="2026-07-05T04:21:04.0650024Z" duration="0.000488" asserts="3" />
            <test-case id="1-1297" name="ClosePolygon_Then_RemoveAdjacent_WorksTogether" fullname="DDNCadAddins.Core.Tests.CurveSamplerTests.ClosePolygon_Then_RemoveAdjacent_WorksTogether" methodname="ClosePolygon_Then_RemoveAdjacent_WorksTogether" classname="DDNCadAddins.Core.Tests.CurveSamplerTests" runstate="Runnable" seed="1514117526" result="Passed" start-time="2026-07-05T04:21:04.0650024Z" end-time="2026-07-05T04:21:04.0660062Z" duration="0.000759" asserts="5" />
            <test-case id="1-1291" name="RemoveAdjacentDuplicates_AdjacentDuplicates_Removed" fullname="DDNCadAddins.Core.Tests.CurveSamplerTests.RemoveAdjacentDuplicates_AdjacentDuplicates_Removed" methodname="RemoveAdjacentDuplicates_AdjacentDuplicates_Removed" classname="DDNCadAddins.Core.Tests.CurveSamplerTests" runstate="Runnable" seed="569232552" result="Passed" start-time="2026-07-05T04:21:04.0660062Z" end-time="2026-07-05T04:21:04.0660062Z" duration="0.000394" asserts="5" />
            <test-case id="1-1292" name="RemoveAdjacentDuplicates_AllSame_EmptyResult" fullname="DDNCadAddins.Core.Tests.CurveSamplerTests.RemoveAdjacentDuplicates_AllSame_EmptyResult" methodname="RemoveAdjacentDuplicates_AllSame_EmptyResult" classname="DDNCadAddins.Core.Tests.CurveSamplerTests" runstate="Runnable" seed="899954216" result="Passed" start-time="2026-07-05T04:21:04.0660062Z" end-time="2026-07-05T04:21:04.0660062Z" duration="0.000200" asserts="1" />
            <test-case id="1-1290" name="RemoveAdjacentDuplicates_NoDuplicates_ReturnsOriginal" fullname="DDNCadAddins.Core.Tests.CurveSamplerTests.RemoveAdjacentDuplicates_NoDuplicates_ReturnsOriginal" methodname="RemoveAdjacentDuplicates_NoDuplicates_ReturnsOriginal" classname="DDNCadAddins.Core.Tests.CurveSamplerTests" runstate="Runnable" seed="523553077" result="Passed" start-time="2026-07-05T04:21:04.0660062Z" end-time="2026-07-05T04:21:04.0671518Z" duration="0.000180" asserts="1" />
            <test-case id="1-1293" name="RemoveAdjacentDuplicates_SinglePoint_ReturnsSingle" fullname="DDNCadAddins.Core.Tests.CurveSamplerTests.RemoveAdjacentDuplicates_SinglePoint_ReturnsSingle" methodname="RemoveAdjacentDuplicates_SinglePoint_ReturnsSingle" classname="DDNCadAddins.Core.Tests.CurveSamplerTests" runstate="Runnable" seed="1883869759" result="Passed" start-time="2026-07-05T04:21:04.0671518Z" end-time="2026-07-05T04:21:04.0671518Z" duration="0.000153" asserts="1" />
[...]
            <test-case id="1-1102" name="HasProperty_NullPropertyValue_ReturnsFalse" fullname="DDNCadAddins.Core.Tests.PropertyUtilsTests.HasProperty_NullPropertyValue_ReturnsFalse" methodname="HasProperty_NullPropertyValue_ReturnsFalse" classname="DDNCadAddins.Core.Tests.PropertyUtilsTests" runstate="Runnable" seed="1557001982" result="Passed" start-time="2026-07-05T04:21:04.2764295Z" end-time="2026-07-05T04:21:04.2764295Z" duration="0.000080" asserts="1" />
            <test-case id="1-1121" name="MatchPropValue_NullSource_ReturnsFail" fullname="DDNCadAddins.Core.Tests.PropertyUtilsTests.MatchPropValue_NullSource_ReturnsFail" methodname="MatchPropValue_NullSource_ReturnsFail" classname="DDNCadAddins.Core.Tests.PropertyUtilsTests" runstate="Runnable" seed="1711902754" result="Passed" start-time="2026-07-05T04:21:04.2764295Z" end-time="2026-07-05T04:21:04.2774427Z" duration="0.000410" asserts="1" />
            <test-case id="1-1120" name="MatchPropValue_NullTarget_ReturnsFail" fullname="DDNCadAddins.Core.Tests.PropertyUtilsTests.MatchPropValue_NullTarget_ReturnsFail" methodname="MatchPropValue_NullTarget_ReturnsFail" classname="DDNCadAddins.Core.Tests.PropertyUtilsTests" runstate="Runnable" seed="1807626630" result="Passed" start-time="2026-07-05T04:21:04.2774427Z" end-time="2026-07-05T04:21:04.2774427Z" duration="0.000108" asserts="1" />
            <test-case id="1-1119" name="MatchPropValue_SameValue_ReturnsSuccess" fullname="DDNCadAddins.Core.Tests.PropertyUtilsTests.MatchPropValue_SameValue_ReturnsSuccess" methodname="MatchPropValue_SameValue_ReturnsSuccess" classname="DDNCadAddins.Core.Tests.PropertyUtilsTests" runstate="Runnable" seed="866388585" result="Passed" start-time="2026-07-05T04:21:04.2774427Z" end-time="2026-07-05T04:21:04.2774427Z" duration="0.000572" asserts="2" />
            <test-case id="1-1123" name="MatchPropValue_WithFilterReturnsFalse_SkipsUpdate" fullname="DDNCadAddins.Core.Tests.PropertyUtilsTests.MatchPropValue_WithFilterReturnsFalse_SkipsUpdate" methodname="MatchPropValue_WithFilterReturnsFalse_SkipsUpdate" classname="DDNCadAddins.Core.Tests.PropertyUtilsTests" runstate="Runnable" seed="1987741328" result="Passed" start-time="2026-07-05T04:21:04.2774427Z" end-time="2026-07-05T04:21:04.2784516Z" duration="0.000375" asserts="2" />
            <test-case id="1-1122" name="MatchPropValue_WithFilterReturnsTrue_UpdatesValue" fullname="DDNCadAddins.Core.Tests.PropertyUtilsTests.MatchPropValue_WithFilterReturnsTrue_UpdatesValue" methodname="MatchPropValue_WithFilterReturnsTrue_UpdatesValue" classname="DDNCadAddins.Core.Tests.PropertyUtilsTests" runstate="Runnable" seed="1465114507" result="Passed" start-time="2026-07-05T04:21:04.2784516Z" end-time="2026-07-05T04:21:04.2784516Z" duration="0.000246" asserts="2" />
            <test-case id="1-1124" name="MatchPropValues_AllPropertiesMatched_ReturnsSuccess" fullname="DDNCadAddins.Core.Tests.PropertyUtilsTests.MatchPropValues_AllPropertiesMatched_ReturnsSuccess" methodname="MatchPropValues_AllPropertiesMatched_ReturnsSuccess" classname="DDNCadAddins.Core.Tests.PropertyUtilsTests" runstate="Runnable" seed="1069601442" result="Passed" start-time="2026-07-05T04:21:04.2784516Z" end-time="2026-07-05T04:21:04.2794604Z" duration="0.000935" asserts="4" />
            <test-case id="1-1127" name="MatchPropValues_NullSource_ReturnsFail" fullname="DDNCadAddins.Core.Tests.PropertyUtilsTests.MatchPropValues_NullSource_ReturnsFail" methodname="MatchPropValues_NullSource_ReturnsFail" classname="DDNCadAddins.Core.Tests.PropertyUtilsTests" runstate="Runnable" seed="665552466" result="Passed" start-time="2026-07-05T04:21:04.2794604Z" end-time="2026-07-05T04:21:04.2794604Z" duration="0.000121" asserts="1" />
            <test-case id="1-1126" name="MatchPropValues_NullTarget_ReturnsFail" fullname="DDNCadAddins.Core.Tests.PropertyUtilsTests.MatchPropValues_NullTarget_ReturnsFail" methodname="MatchPropValues_NullTarget_ReturnsFail" classname="DDNCadAddins.Core.Tests.PropertyUtilsTests" runstate="Runnable" seed="1177435487" result="Passed" start-time="2026-07-05T04:21:04.2794604Z" end-time="2026-07-05T04:21:04.2794604Z" duration="0.000111" asserts="1" />
            <test-case id="1-1125" name="MatchPropValues_WithIgnoredProperties_KeepsOriginalValue" fullname="DDNCadAddins.Core.Tests.PropertyUtilsTests.MatchPropValues_WithIgnoredProperties_KeepsOriginalValue" methodname="MatchPropValues_WithIgnoredProperties_KeepsOriginalValue" classname="DDNCadAddins.Core.Tests.PropertyUtilsTests" runstate="Runnable" seed="1472927928" result="Passed" start-time="2026-07-05T04:21:04.2794604Z" end-time="2026-07-05T04:21:04.2794604Z" duration="0.000197" asserts="3" />
            <test-case id="1-1110" name="SetPropertyValue_IntProperty_SetsCorrectly" fullname="DDNCadAddins.Core.Tests.PropertyUtilsTests.SetPropertyValue_IntProperty_SetsCorrectly" methodname="SetPropertyValue_IntProperty_SetsCorrectly" classname="DDNCadAddins.Core.Tests.PropertyUtilsTests" runstate="Runnable" seed="208759719" result="Passed" start-time="2026-07-05T04:21:04.2794604Z" end-time="2026-07-05T04:21:04.2794604Z" duration="0.000144" asserts="2" />
            <test-case id="1-1112" name="SetPropertyValue_NonExistentProperty_ReturnsFail" fullname="DDNCadAddins.Core.Tests.PropertyUtilsTests.SetPropertyValue_NonExistentProperty_ReturnsFail" methodname="SetPropertyValue_NonExistentProperty_ReturnsFail" classname="DDNCadAddins.Core.Tests.PropertyUtilsTests" runstate="Runnable" seed="180709000" result="Passed" start-time="2026-07-05T04:21:04.2794604Z" end-time="2026-07-05T04:21:04.2794604Z" duration="0.000097" asserts="1" />
            <test-case id="1-1111" name="SetPropertyValue_NullObject_ReturnsFail" fullname="DDNCadAddins.Core.Tests.PropertyUtilsTests.SetPropertyValue_NullObject_ReturnsFail" methodname="SetPropertyValue_NullObject_ReturnsFail" classname="DDNCadAddins.Core.Tests.PropertyUtilsTests" runstate="Runnable" seed="226851739" result="Passed" start-time="2026-07-05T04:21:04.2794604Z" end-time="2026-07-05T04:21:04.2804692Z" duration="0.000082" asserts="1" />
            <test-case id="1-1113" name="SetPropertyValue_ReadOnlyProperty_ReturnsFail" fullname="DDNCadAddins.Core.Tests.PropertyUtilsTests.SetPropertyValue_ReadOnlyProperty_ReturnsFail" methodname="SetPropertyValue_ReadOnlyProperty_ReturnsFail" classname="DDNCadAddins.Core.Tests.PropertyUtilsTests" runstate="Runnable" seed="826809438" result="Passed" start-time="2026-07-05T04:21:04.2804692Z" end-time="2026-07-05T04:21:04.2804692Z" duration="0.000089" asserts="1" />
            <test-case id="1-1109" name="SetPropertyValue_StringProperty_SetsCorrectly" fullname="DDNCadAddins.Core.Tests.PropertyUtilsTests.SetPropertyValue_StringProperty_SetsCorrectly" methodname="SetPropertyValue_StringProperty_SetsCorrectly" classname="DDNCadAddins.Core.Tests.PropertyUtilsTests" runstate="Runnable" seed="1930922515" result="Passed" start-time="2026-07-05T04:21:04.2804692Z" end-time="2026-07-05T04:21:04.2804692Z" duration="0.000106" asserts="2" />
          </test-suite>
          <test-suite type="TestFixture" id="1-1064" name="StyleValidationServiceTests" fullname="DDNCadAddins.Core.Tests.StyleValidationServiceTests" classname="DDNCadAddins.Core.Tests.StyleValidationServiceTests" runstate="Runnable" testcasecount="7" result="Passed" start-time="2026-07-05T04:21:04.2804692Z" end-time="2026-07-05T04:21:04.2814730Z" duration="0.001234" total="7" passed="7" failed="0" warnings="0" inconclusive="0" skipped="0" asserts="16">
            <test-case id="1-1068" name="GetValidColorIndex_InvalidDefault_FallsBackToWhite" fullname="DDNCadAddins.Core.Tests.StyleValidationServiceTests.GetValidColorIndex_InvalidDefault_FallsBackToWhite" methodname="GetValidColorIndex_InvalidDefault_FallsBackToWhite" classname="DDNCadAddins.Core.Tests.StyleValidationServiceTests" runstate="Runnable" seed="2000432635" result="Passed" start-time="2026-07-05T04:21:04.2804692Z" end-time="2026-07-05T04:21:04.2804692Z" duration="0.000314" asserts="1" />
            <test-case id="1-1066" name="GetValidColorIndex_OutOfRange_ReturnsDefault" fullname="DDNCadAddins.Core.Tests.StyleValidationServiceTests.GetValidColorIndex_OutOfRange_ReturnsDefault" methodname="GetValidColorIndex_OutOfRange_ReturnsDefault" classname="DDNCadAddins.Core.Tests.StyleValidationServiceTests" runstate="Runnable" seed="1049198612" result="Passed" start-time="2026-07-05T04:21:04.2804692Z" end-time="2026-07-05T04:21:04.2804692Z" duration="0.000138" asserts="2" />
            <test-case id="1-1067" name="GetValidColorIndex_OutOfRangeWithCustomDefault_ReturnsCustomDefault" fullname="DDNCadAddins.Core.Tests.StyleValidationServiceTests.GetValidColorIndex_OutOfRangeWithCustomDefault_ReturnsCustomDefault" methodname="GetValidColorIndex_OutOfRangeWithCustomDefault_ReturnsCustomDefault" classname="DDNCadAddins.Core.Tests.StyleValidationServiceTests" runstate="Runnable" seed="648129119" result="Passed" start-time="2026-07-05T04:21:04.2804692Z" end-time="2026-07-05T04:21:04.2804692Z" duration="0.000099" asserts="1" />
            <test-case id="1-1065" name="GetValidColorIndex_ValidValue_ReturnsSame" fullname="DDNCadAddins.Core.Tests.StyleValidationServiceTests.GetValidColorIndex_ValidValue_ReturnsSame" methodname="GetValidColorIndex_ValidValue_ReturnsSame" classname="DDNCadAddins.Core.Tests.StyleValidationServiceTests" runstate="Runnable" seed="1509731649" result="Passed" start-time="2026-07-05T04:21:04.2804692Z" end-time="2026-07-05T04:21:04.2814730Z" duration="0.000153" asserts="3" />
            <test-case id="1-1069" name="IsValidAciColorIndex_BoundaryValues" fullname="DDNCadAddins.Core.Tests.StyleValidationServiceTests.IsValidAciColorIndex_BoundaryValues" methodname="IsValidAciColorIndex_BoundaryValues" classname="DDNCadAddins.Core.Tests.StyleValidationServiceTests" runstate="Runnable" seed="2073743245" result="Passed" start-time="2026-07-05T04:21:04.2814730Z" end-time="2026-07-05T04:21:04.2814730Z" duration="0.000103" asserts="4" />
            <test-case id="1-1070" name="NormalizeLineTypeName_Empty_ReturnsContinuous" fullname="DDNCadAddins.Core.Tests.StyleValidationServiceTests.NormalizeLineTypeName_Empty_ReturnsContinuous" methodname="NormalizeLineTypeName_Empty_ReturnsContinuous" classname="DDNCadAddins.Core.Tests.StyleValidationServiceTests" runstate="Runnable" seed="1549341988" result="Passed" start-time="2026-07-05T04:21:04.2814730Z" end-time="2026-07-05T04:21:04.2814730Z" duration="0.000193" asserts="3" />
            <test-case id="1-1071" name="NormalizeLineTypeName_ValidName_TrimsWhitespace" fullname="DDNCadAddins.Core.Tests.StyleValidationServiceTests.NormalizeLineTypeName_ValidName_TrimsWhitespace" methodname="NormalizeLineTypeName_ValidName_TrimsWhitespace" classname="DDNCadAddins.Core.Tests.StyleValidationServiceTests" runstate="Runnable" seed="1952115537" result="Passed" start-time="2026-07-05T04:21:04.2814730Z" end-time="2026-07-05T04:21:04.2814730Z" duration="0.000107" asserts="2" />
          </test-suite>
          <test-suite type="TestFixture" id="1-1299" name="SubtractIntersectionTests" fullname="DDNCadAddins.Core.Tests.SubtractIntersectionTests" classname="DDNCadAddins.Core.Tests.SubtractIntersectionTests" runstate="Runnable" testcasecount="10" result="Passed" start-time="2026-07-05T04:21:04.2814730Z" end-time="2026-07-05T04:21:04.2870236Z" duration="0.005490" total="10" passed="10" failed="0" warnings="0" inconclusive="0" skipped="0" asserts="22">
            <test-case id="1-1301" name="AInsideB_ReturnsA" fullname="DDNCadAddins.Core.Tests.SubtractIntersectionTests.AInsideB_ReturnsA" methodname="AInsideB_ReturnsA" classname="DDNCadAddins.Core.Tests.SubtractIntersectionTests" runstate="Runnable" seed="1350521939" result="Passed" start-time="2026-07-05T04:21:04.2814730Z" end-time="2026-07-05T04:21:04.2824756Z" duration="0.000384" asserts="1" />
            <test-case id="1-1302" name="BInsideA_ReturnsB" fullname="DDNCadAddins.Core.Tests.SubtractIntersectionTests.BInsideA_ReturnsB" methodname="BInsideA_ReturnsB" classname="DDNCadAddins.Core.Tests.SubtractIntersectionTests" runstate="Runnable" seed="913923646" result="Passed" start-time="2026-07-05T04:21:04.2824756Z" end-time="2026-07-05T04:21:04.2824756Z" duration="0.000384" asserts="1" />
            <test-case id="1-1308" name="ConcaveClipRectangle_ReturnsIntersection" fullname="DDNCadAddins.Core.Tests.SubtractIntersectionTests.ConcaveClipRectangle_ReturnsIntersection" methodname="ConcaveClipRectangle_ReturnsIntersection" classname="DDNCadAddins.Core.Tests.SubtractIntersectionTests" runstate="Runnable" seed="209838292" result="Passed" start-time="2026-07-05T04:21:04.2824756Z" end-time="2026-07-05T04:21:04.2824756Z" duration="0.000915" asserts="6" />
            <test-case id="1-1304" name="CrossShapedIntersection_ReturnsPolygon" fullname="DDNCadAddins.Core.Tests.SubtractIntersectionTests.CrossShapedIntersection_ReturnsPolygon" methodname="CrossShapedIntersection_ReturnsPolygon" classname="DDNCadAddins.Core.Tests.SubtractIntersectionTests" runstate="Runnable" seed="1357119376" result="Passed" start-time="2026-07-05T04:21:04.2824756Z" end-time="2026-07-05T04:21:04.2839007Z" duration="0.000413" asserts="2" />
            <test-case id="1-1300" name="DisjointRectangles_ReturnsEmpty" fullname="DDNCadAddins.Core.Tests.SubtractIntersectionTests.DisjointRectangles_ReturnsEmpty" methodname="DisjointRectangles_ReturnsEmpty" classname="DDNCadAddins.Core.Tests.SubtractIntersectionTests" runstate="Runnable" seed="680357994" result="Passed" start-time="2026-07-05T04:21:04.2839007Z" end-time="2026-07-05T04:21:04.2839007Z" duration="0.000334" asserts="1" />
            <test-case id="1-1307" name="NearlyIdenticalRects_ReturnsNearlyFull" fullname="DDNCadAddins.Core.Tests.SubtractIntersectionTests.NearlyIdenticalRects_ReturnsNearlyFull" methodname="NearlyIdenticalRects_ReturnsNearlyFull" classname="DDNCadAddins.Core.Tests.SubtractIntersectionTests" runstate="Runnable" seed="504047898" result="Passed" start-time="2026-07-05T04:21:04.2839007Z" end-time="2026-07-05T04:21:04.2839007Z" duration="0.000345" asserts="2" />
            <test-case id="1-1303" name="OverlappingRectangles_ReturnsIntersection" fullname="DDNCadAddins.Core.Tests.SubtractIntersectionTests.OverlappingRectangles_ReturnsIntersection" methodname="OverlappingRectangles_ReturnsIntersection" classname="DDNCadAddins.Core.Tests.SubtractIntersectionTests" runstate="Runnable" seed="1514721979" result="Passed" start-time="2026-07-05T04:21:04.2839007Z" end-time="2026-07-05T04:21:04.2849819Z" duration="0.000410" asserts="4" />
            <test-case id="1-1306" name="SharedEdge_ReturnsEmpty" fullname="DDNCadAddins.Core.Tests.SubtractIntersectionTests.SharedEdge_ReturnsEmpty" methodname="SharedEdge_ReturnsEmpty" classname="DDNCadAddins.Core.Tests.SubtractIntersectionTests" runstate="Runnable" seed="1353619295" result="Passed" start-time="2026-07-05T04:21:04.2849819Z" end-time="2026-07-05T04:21:04.2849819Z" duration="0.000318" asserts="1" />
            <test-case id="1-1305" name="TriangleIntersection_ReturnsPolygon" fullname="DDNCadAddins.Core.Tests.SubtractIntersectionTests.TriangleIntersection_ReturnsPolygon" methodname="TriangleIntersection_ReturnsPolygon" classname="DDNCadAddins.Core.Tests.SubtractIntersectionTests" runstate="Runnable" seed="595205887" result="Passed" start-time="2026-07-05T04:21:04.2849819Z" end-time="2026-07-05T04:21:04.2849819Z" duration="0.000313" asserts="2" />
            <test-case id="1-1309" name="TwoConcavePolygons_ReturnsIntersection" fullname="DDNCadAddins.Core.Tests.SubtractIntersectionTests.TwoConcavePolygons_ReturnsIntersection" methodname="TwoConcavePolygons_ReturnsIntersection" classname="DDNCadAddins.Core.Tests.SubtractIntersectionTests" runstate="Runnable" seed="569031097" result="Passed" start-time="2026-07-05T04:21:04.2849819Z" end-time="2026-07-05T04:21:04.2870236Z" duration="0.001501" asserts="2" />
          </test-suite>
          <test-suite type="TestFixture" id="1-1079" name="XClipBoundaryGeometryServiceTests" fullname="DDNCadAddins.Core.Tests.XClipBoundaryGeometryServiceTests" classname="DDNCadAddins.Core.Tests.XClipBoundaryGeometryServiceTests" runstate="Runnable" testcasecount="6" result="Passed" start-time="2026-07-05T04:21:04.2870236Z" end-time="2026-07-05T04:21:04.2910522Z" duration="0.003844" total="6" passed="6" failed="0" warnings="0" inconclusive="0" skipped="0" asserts="17">
            <test-case id="1-1083" name="BuildWcsBoundaryPoints_EmptyPoints_ReturnsFail" fullname="DDNCadAddins.Core.Tests.XClipBoundaryGeometryServiceTests.BuildWcsBoundaryPoints_EmptyPoints_ReturnsFail" methodname="BuildWcsBoundaryPoints_EmptyPoints_ReturnsFail" classname="DDNCadAddins.Core.Tests.XClipBoundaryGeometryServiceTests" runstate="Runnable" seed="2014784126" result="Passed" start-time="2026-07-05T04:21:04.2870236Z" end-time="2026-07-05T04:21:04.2880318Z" duration="0.001042" asserts="1" />
            <test-case id="1-1080" name="BuildWcsBoundaryPoints_IdentityTransform_PreservesPoints" fullname="DDNCadAddins.Core.Tests.XClipBoundaryGeometryServiceTests.BuildWcsBoundaryPoints_IdentityTransform_PreservesPoints" methodname="BuildWcsBoundaryPoints_IdentityTransform_PreservesPoints" classname="DDNCadAddins.Core.Tests.XClipBoundaryGeometryServiceTests" runstate="Runnable" seed="1203050307" result="Passed" start-time="2026-07-05T04:21:04.2880318Z" end-time="2026-07-05T04:21:04.2890370Z" duration="0.001280" asserts="4" />
            <test-case id="1-1082" name="BuildWcsBoundaryPoints_Translation_AppliesOffset" fullname="DDNCadAddins.Core.Tests.XClipBoundaryGeometryServiceTests.BuildWcsBoundaryPoints_Translation_AppliesOffset" methodname="BuildWcsBoundaryPoints_Translation_AppliesOffset" classname="DDNCadAddins.Core.Tests.XClipBoundaryGeometryServiceTests" runstate="Runnable" seed="1900486834" result="Passed" start-time="2026-07-05T04:21:04.2890370Z" end-time="2026-07-05T04:21:04.2900418Z" duration="0.000378" asserts="3" />
            <test-case id="1-1081" name="BuildWcsBoundaryPoints_TwoPointRectangle_ExpandsToFour" fullname="DDNCadAddins.Core.Tests.XClipBoundaryGeometryServiceTests.BuildWcsBoundaryPoints_TwoPointRectangle_ExpandsToFour" methodname="BuildWcsBoundaryPoints_TwoPointRectangle_ExpandsToFour" classname="DDNCadAddins.Core.Tests.XClipBoundaryGeometryServiceTests" runstate="Runnable" seed="2146698954" result="Passed" start-time="2026-07-05T04:21:04.2900418Z" end-time="2026-07-05T04:21:04.2900418Z" duration="0.000461" asserts="6" />
            <test-case id="1-1085" name="ExpandLocalBoundaryPoints_ThreePoints_KeepsOriginalCount" fullname="DDNCadAddins.Core.Tests.XClipBoundaryGeometryServiceTests.ExpandLocalBoundaryPoints_ThreePoints_KeepsOriginalCount" methodname="ExpandLocalBoundaryPoints_ThreePoints_KeepsOriginalCount" classname="DDNCadAddins.Core.Tests.XClipBoundaryGeometryServiceTests" runstate="Runnable" seed="1681498184" result="Passed" start-time="2026-07-05T04:21:04.2900418Z" end-time="2026-07-05T04:21:04.2910522Z" duration="0.000245" asserts="1" />
            <test-case id="1-1084" name="PreMultiplyBy_TranslationChain_MatchesAutoCadOrder" fullname="DDNCadAddins.Core.Tests.XClipBoundaryGeometryServiceTests.PreMultiplyBy_TranslationChain_MatchesAutoCadOrder" methodname="PreMultiplyBy_TranslationChain_MatchesAutoCadOrder" classname="DDNCadAddins.Core.Tests.XClipBoundaryGeometryServiceTests" runstate="Runnable" seed="670798062" result="Passed" start-time="2026-07-05T04:21:04.2910522Z" end-time="2026-07-05T04:21:04.2910522Z" duration="0.000276" asserts="2" />
          </test-suite>
        </test-suite>
      </test-suite>
    </test-suite>
  </test-suite>
</test-run>